
ROM used:   198/32768 (1%)
            198/32768 (1%) including unused fragments

            0.2 Average locations per line
            9.9 Average locations per statement

RAM used:   7/2048 (0%) at main() level
            8/2048 (0%) worst case

Stack used: 0 worst case (0 in main + 0 for interrupts)
Stack size: 31

Lines Stmts  %   Files
----- ----- ---  -----
   53    20 100  MAIN_ej_uso_C_en_electronica.c
  865     0   0  C:\Program Files (x86)\PICC\Devices\18F4550.h
----- -----
  918    20 Total

Page ROM  %  RAM    Vol Diff  Functions:
---- --- --- ---    --- ----  ----------
0     44  11    1             @delay_ms1
0    150  38    3    548  5.3  main
 Inline         0             @cinit1

Program metrics:
    Functions               1
    Statements              20
    Comments                167
    Volume (V)              553
    Difficulty (D)          5.0
    Effort to implement (E) 2788
    Time to implement (T)   3 minutes
    Est Delivered Bugs (B)  0
    Cyclomatic Complexity   1
    Maintainability (MI)    135

 Segment     Used  Free
-----------  ----  ----
00000-00002     4  0  
00004-07FFE   194  32570  



