Release 14.7 - xst P.20131013 (nt64)
Copyright (c) 1995-2013 Xilinx, Inc.  All rights reserved.
--> Parameter TMPDIR set to xst/projnav.tmp


Total REAL time to Xst completion: 0.00 secs
Total CPU time to Xst completion: 0.08 secs
 
--> Parameter xsthdpdir set to xst


Total REAL time to Xst completion: 0.00 secs
Total CPU time to Xst completion: 0.09 secs
 
--> Reading design: secuencia.prj

TABLE OF CONTENTS
  1) Synthesis Options Summary
  2) HDL Compilation
  3) Design Hierarchy Analysis
  4) HDL Analysis
  5) HDL Synthesis
     5.1) HDL Synthesis Report
  6) Advanced HDL Synthesis
     6.1) Advanced HDL Synthesis Report
  7) Low Level Synthesis
  8) Partition Report
  9) Final Report
	9.1) Device utilization summary
	9.2) Partition Resource Summary
	9.3) TIMING REPORT


=========================================================================
*                      Synthesis Options Summary                        *
=========================================================================
---- Source Parameters
Input File Name                    : "secuencia.prj"
Input Format                       : mixed
Ignore Synthesis Constraint File   : NO

---- Target Parameters
Output File Name                   : "secuencia"
Output Format                      : NGC
Target Device                      : xa3s100e-4-cpg132

---- Source Options
Top Module Name                    : secuencia
Automatic FSM Extraction           : YES
FSM Encoding Algorithm             : Auto
Safe Implementation                : No
FSM Style                          : LUT
RAM Extraction                     : Yes
RAM Style                          : Auto
ROM Extraction                     : Yes
Mux Style                          : Auto
Decoder Extraction                 : YES
Priority Encoder Extraction        : Yes
Shift Register Extraction          : YES
Logical Shifter Extraction         : YES
XOR Collapsing                     : YES
ROM Style                          : Auto
Mux Extraction                     : Yes
Resource Sharing                   : YES
Asynchronous To Synchronous        : NO
Multiplier Style                   : Auto
Automatic Register Balancing       : No

---- Target Options
Add IO Buffers                     : YES
Global Maximum Fanout              : 500
Add Generic Clock Buffer(BUFG)     : 24
Register Duplication               : YES
Slice Packing                      : YES
Optimize Instantiated Primitives   : NO
Use Clock Enable                   : Yes
Use Synchronous Set                : Yes
Use Synchronous Reset              : Yes
Pack IO Registers into IOBs        : Auto
Equivalent register Removal        : YES

---- General Options
Optimization Goal                  : Speed
Optimization Effort                : 1
Keep Hierarchy                     : No
Netlist Hierarchy                  : As_Optimized
RTL Output                         : Yes
Global Optimization                : AllClockNets
Read Cores                         : YES
Write Timing Constraints           : NO
Cross Clock Analysis               : NO
Hierarchy Separator                : /
Bus Delimiter                      : <>
Case Specifier                     : Maintain
Slice Utilization Ratio            : 100
BRAM Utilization Ratio             : 100
Verilog 2001                       : YES
Auto BRAM Packing                  : NO
Slice Utilization Ratio Delta      : 5

=========================================================================


=========================================================================
*                          HDL Compilation                              *
=========================================================================
Compiling vhdl file "D:/OneDrive - Soluciones Marva/Xilinx/Basys2/MaquinaDestados1/MaquinaDestados1.vhd" in Library work.
Architecture maquinadestados1 of Entity secuencia is up to date.

=========================================================================
*                     Design Hierarchy Analysis                         *
=========================================================================
Analyzing hierarchy for entity <secuencia> in library <work> (architecture <maquinadestados1>).


=========================================================================
*                            HDL Analysis                               *
=========================================================================
Analyzing Entity <secuencia> in library <work> (Architecture <maquinadestados1>).
INFO:Xst:1561 - "D:/OneDrive - Soluciones Marva/Xilinx/Basys2/MaquinaDestados1/MaquinaDestados1.vhd" line 42: Mux is complete : default of case is discarded
INFO:Xst:1561 - "D:/OneDrive - Soluciones Marva/Xilinx/Basys2/MaquinaDestados1/MaquinaDestados1.vhd" line 48: Mux is complete : default of case is discarded
INFO:Xst:1561 - "D:/OneDrive - Soluciones Marva/Xilinx/Basys2/MaquinaDestados1/MaquinaDestados1.vhd" line 62: Mux is complete : default of case is discarded
INFO:Xst:1561 - "D:/OneDrive - Soluciones Marva/Xilinx/Basys2/MaquinaDestados1/MaquinaDestados1.vhd" line 68: Mux is complete : default of case is discarded
Entity <secuencia> analyzed. Unit <secuencia> generated.


=========================================================================
*                           HDL Synthesis                               *
=========================================================================

Performing bidirectional port resolution...

Synthesizing Unit <secuencia>.
    Related source file is "D:/OneDrive - Soluciones Marva/Xilinx/Basys2/MaquinaDestados1/MaquinaDestados1.vhd".
    Found 1-bit register for signal <estado<0>>.
    Summary:
	inferred   1 D-type flip-flop(s).
Unit <secuencia> synthesized.


=========================================================================
HDL Synthesis Report

Macro Statistics
# Registers                                            : 1
 1-bit register                                        : 1

=========================================================================

=========================================================================
*                       Advanced HDL Synthesis                          *
=========================================================================


=========================================================================
Advanced HDL Synthesis Report

Macro Statistics
# Registers                                            : 1
 Flip-Flops                                            : 1

=========================================================================

=========================================================================
*                         Low Level Synthesis                           *
=========================================================================

Optimizing unit <secuencia> ...

Mapping all equations...
Building and optimizing final netlist ...
Found area constraint ratio of 100 (+ 5) on block secuencia, actual ratio is 0.

Final Macro Processing ...

=========================================================================
Final Register Report

Macro Statistics
# Registers                                            : 1
 Flip-Flops                                            : 1

=========================================================================

=========================================================================
*                           Partition Report                            *
=========================================================================

Partition Implementation Status
-------------------------------

  No Partitions were found in this design.

-------------------------------

=========================================================================
*                            Final Report                               *
=========================================================================
Final Results
RTL Top Level Output File Name     : secuencia.ngr
Top Level Output File Name         : secuencia
Output Format                      : NGC
Optimization Goal                  : Speed
Keep Hierarchy                     : No

Design Statistics
# IOs                              : 4

Cell Usage :
# BELS                             : 1
#      LUT2                        : 1
# FlipFlops/Latches                : 1
#      FDC                         : 1
# Clock Buffers                    : 1
#      BUFGP                       : 1
# IO Buffers                       : 3
#      IBUF                        : 2
#      OBUF                        : 1
=========================================================================

Device utilization summary:
---------------------------

Selected Device : xa3s100ecpg132-4 

 Number of Slices:                        1  out of    960     0%  
 Number of Slice Flip Flops:              1  out of   1920     0%  
 Number of 4 input LUTs:                  1  out of   1920     0%  
 Number of IOs:                           4
 Number of bonded IOBs:                   4  out of     83     4%  
 Number of GCLKs:                         1  out of     24     4%  

---------------------------
Partition Resource Summary:
---------------------------

  No Partitions were found in this design.

---------------------------


=========================================================================
TIMING REPORT

NOTE: THESE TIMING NUMBERS ARE ONLY A SYNTHESIS ESTIMATE.
      FOR ACCURATE TIMING INFORMATION PLEASE REFER TO THE TRACE REPORT
      GENERATED AFTER PLACE-and-ROUTE.

Clock Information:
------------------
-----------------------------------+------------------------+-------+
Clock Signal                       | Clock buffer(FF name)  | Load  |
-----------------------------------+------------------------+-------+
ck                                 | BUFGP                  | 1     |
-----------------------------------+------------------------+-------+

Asynchronous Control Signals Information:
----------------------------------------
-----------------------------------+------------------------+-------+
Control Signal                     | Buffer(FF name)        | Load  |
-----------------------------------+------------------------+-------+
inicio                             | IBUF                   | 1     |
-----------------------------------+------------------------+-------+

Timing Summary:
---------------
Speed Grade: -4

   Minimum period: No path found
   Minimum input arrival time before clock: 1.973ns
   Maximum output required time after clock: 5.582ns
   Maximum combinational path delay: 6.140ns

Timing Detail:
--------------
All values displayed in nanoseconds (ns)

=========================================================================
Timing constraint: Default OFFSET IN BEFORE for Clock 'ck'
  Total number of paths / destination ports: 1 / 1
-------------------------------------------------------------------------
Offset:              1.973ns (Levels of Logic = 1)
  Source:            I0 (PAD)
  Destination:       estado_0 (FF)
  Destination Clock: ck rising

  Data Path: I0 to estado_0
                                Gate     Net
    Cell:in->out      fanout   Delay   Delay  Logical Name (Net Name)
    ----------------------------------------  ------------
     IBUF:I->O             2   1.218   0.447  I0_IBUF (I0_IBUF)
     FDC:D                     0.308          estado_0
    ----------------------------------------
    Total                      1.973ns (1.526ns logic, 0.447ns route)
                                       (77.3% logic, 22.7% route)

=========================================================================
Timing constraint: Default OFFSET OUT AFTER for Clock 'ck'
  Total number of paths / destination ports: 1 / 1
-------------------------------------------------------------------------
Offset:              5.582ns (Levels of Logic = 2)
  Source:            estado_0 (FF)
  Destination:       O0 (PAD)
  Source Clock:      ck rising

  Data Path: estado_0 to O0
                                Gate     Net
    Cell:in->out      fanout   Delay   Delay  Logical Name (Net Name)
    ----------------------------------------  ------------
     FDC:C->Q              1   0.591   0.595  estado_0 (estado_0)
     LUT2:I0->O            1   0.704   0.420  O01 (O0_OBUF)
     OBUF:I->O                 3.272          O0_OBUF (O0)
    ----------------------------------------
    Total                      5.582ns (4.567ns logic, 1.015ns route)
                                       (81.8% logic, 18.2% route)

=========================================================================
Timing constraint: Default path analysis
  Total number of paths / destination ports: 1 / 1
-------------------------------------------------------------------------
Delay:               6.140ns (Levels of Logic = 3)
  Source:            I0 (PAD)
  Destination:       O0 (PAD)

  Data Path: I0 to O0
                                Gate     Net
    Cell:in->out      fanout   Delay   Delay  Logical Name (Net Name)
    ----------------------------------------  ------------
     IBUF:I->O             2   1.218   0.526  I0_IBUF (I0_IBUF)
     LUT2:I1->O            1   0.704   0.420  O01 (O0_OBUF)
     OBUF:I->O                 3.272          O0_OBUF (O0)
    ----------------------------------------
    Total                      6.140ns (5.194ns logic, 0.946ns route)
                                       (84.6% logic, 15.4% route)

=========================================================================


Total REAL time to Xst completion: 2.00 secs
Total CPU time to Xst completion: 2.95 secs
 
--> 

Total memory usage is 4500940 kilobytes

Number of errors   :    0 (   0 filtered)
Number of warnings :    0 (   0 filtered)
Number of infos    :    4 (   0 filtered)

