Compiling D:\OneDriveTrabajo\Clases\GitHub_Clases\Programacion de Perifericos\2023\PIC\MPU6050\main(MPU) on 22-ago.-23 at 12:39
*** Error 28 "D:\OneDriveTrabajo\Clases\GitHub_Clases\Programacion de Perifericos\2023\PIC\MPU6050\main(MPU).c" Line 14(13,15): Expecting an identifier
*** Error 48 "D:\OneDriveTrabajo\Clases\GitHub_Clases\Programacion de Perifericos\2023\PIC\MPU6050\main(MPU).c" Line 14(15,16): Expecting a (
*** Error 48 "D:\OneDriveTrabajo\Clases\GitHub_Clases\Programacion de Perifericos\2023\PIC\MPU6050\main(MPU).c" Line 14(17,18): Expecting a (
*** Error 28 "D:\OneDriveTrabajo\Clases\GitHub_Clases\Programacion de Perifericos\2023\PIC\MPU6050\main(MPU).c" Line 16(14,30): Expecting an identifier
*** Error 43 "D:\OneDriveTrabajo\Clases\GitHub_Clases\Programacion de Perifericos\2023\PIC\MPU6050\main(MPU).c" Line 16(30,49): Expecting a declaration
*** Error 43 "D:\OneDriveTrabajo\Clases\GitHub_Clases\Programacion de Perifericos\2023\PIC\MPU6050\main(MPU).c" Line 16(48,49): Expecting a declaration
*** Error 28 "D:\OneDriveTrabajo\Clases\GitHub_Clases\Programacion de Perifericos\2023\PIC\MPU6050\main(MPU).c" Line 17(20,25): Expecting an identifier
*** Error 43 "D:\OneDriveTrabajo\Clases\GitHub_Clases\Programacion de Perifericos\2023\PIC\MPU6050\main(MPU).c" Line 17(25,30): Expecting a declaration
*** Error 43 "D:\OneDriveTrabajo\Clases\GitHub_Clases\Programacion de Perifericos\2023\PIC\MPU6050\main(MPU).c" Line 17(29,30): Expecting a declaration
*** Error 43 "D:\OneDriveTrabajo\Clases\GitHub_Clases\Programacion de Perifericos\2023\PIC\MPU6050\main(MPU).c" Line 17(30,35): Expecting a declaration
*** Error 43 "D:\OneDriveTrabajo\Clases\GitHub_Clases\Programacion de Perifericos\2023\PIC\MPU6050\main(MPU).c" Line 17(34,35): Expecting a declaration
*** Error 43 "D:\OneDriveTrabajo\Clases\GitHub_Clases\Programacion de Perifericos\2023\PIC\MPU6050\main(MPU).c" Line 17(35,41): Expecting a declaration
*** Error 43 "D:\OneDriveTrabajo\Clases\GitHub_Clases\Programacion de Perifericos\2023\PIC\MPU6050\main(MPU).c" Line 17(40,41): Expecting a declaration
*** Error 43 "D:\OneDriveTrabajo\Clases\GitHub_Clases\Programacion de Perifericos\2023\PIC\MPU6050\main(MPU).c" Line 17(41,49): Expecting a declaration
*** Error 43 "D:\OneDriveTrabajo\Clases\GitHub_Clases\Programacion de Perifericos\2023\PIC\MPU6050\main(MPU).c" Line 17(48,49): Expecting a declaration
*** Error 28 "D:\OneDriveTrabajo\Clases\GitHub_Clases\Programacion de Perifericos\2023\PIC\MPU6050\main(MPU).c" Line 18(21,39): Expecting an identifier
*** Error 43 "D:\OneDriveTrabajo\Clases\GitHub_Clases\Programacion de Perifericos\2023\PIC\MPU6050\main(MPU).c" Line 18(39,56): Expecting a declaration
*** Error 43 "D:\OneDriveTrabajo\Clases\GitHub_Clases\Programacion de Perifericos\2023\PIC\MPU6050\main(MPU).c" Line 18(55,56): Expecting a declaration
*** Error 43 "D:\OneDriveTrabajo\Clases\GitHub_Clases\Programacion de Perifericos\2023\PIC\MPU6050\main(MPU).c" Line 18(56,76): Expecting a declaration
*** Error 43 "D:\OneDriveTrabajo\Clases\GitHub_Clases\Programacion de Perifericos\2023\PIC\MPU6050\main(MPU).c" Line 18(75,76): Expecting a declaration
*** Error 48 "D:\OneDriveTrabajo\Clases\GitHub_Clases\Programacion de Perifericos\2023\PIC\MPU6050\main(MPU).c" Line 20(4,9): Expecting a (
*** Error 43 "D:\OneDriveTrabajo\Clases\GitHub_Clases\Programacion de Perifericos\2023\PIC\MPU6050\main(MPU).c" Line 20(12,22): Expecting a declaration
*** Error 48 "D:\OneDriveTrabajo\Clases\GitHub_Clases\Programacion de Perifericos\2023\PIC\MPU6050\main(MPU).c" Line 21(4,9): Expecting a (
*** Error 43 "D:\OneDriveTrabajo\Clases\GitHub_Clases\Programacion de Perifericos\2023\PIC\MPU6050\main(MPU).c" Line 21(12,13): Expecting a declaration
*** Error 48 "D:\OneDriveTrabajo\Clases\GitHub_Clases\Programacion de Perifericos\2023\PIC\MPU6050\main(MPU).c" Line 22(4,8): Expecting a (
*** Error 43 "D:\OneDriveTrabajo\Clases\GitHub_Clases\Programacion de Perifericos\2023\PIC\MPU6050\main(MPU).c" Line 22(11,12): Expecting a declaration
*** Error 48 "D:\OneDriveTrabajo\Clases\GitHub_Clases\Programacion de Perifericos\2023\PIC\MPU6050\main(MPU).c" Line 23(4,10): Expecting a (
*** Error 43 "D:\OneDriveTrabajo\Clases\GitHub_Clases\Programacion de Perifericos\2023\PIC\MPU6050\main(MPU).c" Line 23(13,14): Expecting a declaration
*** Error 48 "D:\OneDriveTrabajo\Clases\GitHub_Clases\Programacion de Perifericos\2023\PIC\MPU6050\main(MPU).c" Line 24(4,10): Expecting a (
*** Error 43 "D:\OneDriveTrabajo\Clases\GitHub_Clases\Programacion de Perifericos\2023\PIC\MPU6050\main(MPU).c" Line 24(15,16): Expecting a declaration
*** Error 43 "D:\OneDriveTrabajo\Clases\GitHub_Clases\Programacion de Perifericos\2023\PIC\MPU6050\main(MPU).c" Line 24(16,17): Expecting a declaration
*** Error 43 "D:\OneDriveTrabajo\Clases\GitHub_Clases\Programacion de Perifericos\2023\PIC\MPU6050\main(MPU).c" Line 24(17,19): Expecting a declaration
*** Error 48 "D:\OneDriveTrabajo\Clases\GitHub_Clases\Programacion de Perifericos\2023\PIC\MPU6050\main(MPU).c" Line 24(19,21): Expecting a (
*** Error 48 "D:\OneDriveTrabajo\Clases\GitHub_Clases\Programacion de Perifericos\2023\PIC\MPU6050\main(MPU).c" Line 25(4,8): Expecting a (
*** Error 43 "D:\OneDriveTrabajo\Clases\GitHub_Clases\Programacion de Perifericos\2023\PIC\MPU6050\main(MPU).c" Line 25(11,12): Expecting a declaration
*** Error 48 "D:\OneDriveTrabajo\Clases\GitHub_Clases\Programacion de Perifericos\2023\PIC\MPU6050\main(MPU).c" Line 27(4,9): Expecting a (
*** Error 48 "D:\OneDriveTrabajo\Clases\GitHub_Clases\Programacion de Perifericos\2023\PIC\MPU6050\main(MPU).c" Line 27(12,17): Expecting a (
*** Error 43 "D:\OneDriveTrabajo\Clases\GitHub_Clases\Programacion de Perifericos\2023\PIC\MPU6050\main(MPU).c" Line 27(18,19): Expecting a declaration
*** Error 43 "D:\OneDriveTrabajo\Clases\GitHub_Clases\Programacion de Perifericos\2023\PIC\MPU6050\main(MPU).c" Line 27(19,20): Expecting a declaration
*** Error 43 "D:\OneDriveTrabajo\Clases\GitHub_Clases\Programacion de Perifericos\2023\PIC\MPU6050\main(MPU).c" Line 27(20,22): Expecting a declaration
*** Error 48 "D:\OneDriveTrabajo\Clases\GitHub_Clases\Programacion de Perifericos\2023\PIC\MPU6050\main(MPU).c" Line 27(22,24): Expecting a (
*** Error 48 "D:\OneDriveTrabajo\Clases\GitHub_Clases\Programacion de Perifericos\2023\PIC\MPU6050\main(MPU).c" Line 28(4,10): Expecting a (
*** Error 43 "D:\OneDriveTrabajo\Clases\GitHub_Clases\Programacion de Perifericos\2023\PIC\MPU6050\main(MPU).c" Line 28(15,16): Expecting a declaration
*** Error 43 "D:\OneDriveTrabajo\Clases\GitHub_Clases\Programacion de Perifericos\2023\PIC\MPU6050\main(MPU).c" Line 28(16,17): Expecting a declaration
*** Error 43 "D:\OneDriveTrabajo\Clases\GitHub_Clases\Programacion de Perifericos\2023\PIC\MPU6050\main(MPU).c" Line 28(17,19): Expecting a declaration
*** Error 48 "D:\OneDriveTrabajo\Clases\GitHub_Clases\Programacion de Perifericos\2023\PIC\MPU6050\main(MPU).c" Line 28(19,21): Expecting a (
*** Error 48 "D:\OneDriveTrabajo\Clases\GitHub_Clases\Programacion de Perifericos\2023\PIC\MPU6050\main(MPU).c" Line 29(4,9): Expecting a (
*** Error 43 "D:\OneDriveTrabajo\Clases\GitHub_Clases\Programacion de Perifericos\2023\PIC\MPU6050\main(MPU).c" Line 29(12,13): Expecting a declaration
*** Error 48 "D:\OneDriveTrabajo\Clases\GitHub_Clases\Programacion de Perifericos\2023\PIC\MPU6050\main(MPU).c" Line 30(4,8): Expecting a (
*** Error 43 "D:\OneDriveTrabajo\Clases\GitHub_Clases\Programacion de Perifericos\2023\PIC\MPU6050\main(MPU).c" Line 30(11,12): Expecting a declaration
*** Error 48 "D:\OneDriveTrabajo\Clases\GitHub_Clases\Programacion de Perifericos\2023\PIC\MPU6050\main(MPU).c" Line 31(4,8): Expecting a (
*** Error 43 "D:\OneDriveTrabajo\Clases\GitHub_Clases\Programacion de Perifericos\2023\PIC\MPU6050\main(MPU).c" Line 31(11,12): Expecting a declaration
*** Error 28 "D:\OneDriveTrabajo\Clases\GitHub_Clases\Programacion de Perifericos\2023\PIC\MPU6050\main(MPU).c" Line 32(57,58): Expecting an identifier
*** Error 28 "D:\OneDriveTrabajo\Clases\GitHub_Clases\Programacion de Perifericos\2023\PIC\MPU6050\main(MPU).c" Line 35(13,16): Expecting an identifier
*** Error 28 "D:\OneDriveTrabajo\Clases\GitHub_Clases\Programacion de Perifericos\2023\PIC\MPU6050\main(MPU).c" Line 37(13,17): Expecting an identifier
*** Error 43 "D:\OneDriveTrabajo\Clases\GitHub_Clases\Programacion de Perifericos\2023\PIC\MPU6050\main(MPU).c" Line 39(4,9): Expecting a declaration
*** Error 43 "D:\OneDriveTrabajo\Clases\GitHub_Clases\Programacion de Perifericos\2023\PIC\MPU6050\main(MPU).c" Line 39(9,10): Expecting a declaration
*** Error 43 "D:\OneDriveTrabajo\Clases\GitHub_Clases\Programacion de Perifericos\2023\PIC\MPU6050\main(MPU).c" Line 39(10,15): Expecting a declaration
*** Error 43 "D:\OneDriveTrabajo\Clases\GitHub_Clases\Programacion de Perifericos\2023\PIC\MPU6050\main(MPU).c" Line 39(14,15): Expecting a declaration
*** Error 43 "D:\OneDriveTrabajo\Clases\GitHub_Clases\Programacion de Perifericos\2023\PIC\MPU6050\main(MPU).c" Line 40(4,5): Expecting a declaration
*** Error 28 "D:\OneDriveTrabajo\Clases\GitHub_Clases\Programacion de Perifericos\2023\PIC\MPU6050\main(MPU).c" Line 45(38,39): Expecting an identifier
*** Error 48 "D:\OneDriveTrabajo\Clases\GitHub_Clases\Programacion de Perifericos\2023\PIC\MPU6050\main(MPU).c" Line 45(39,41): Expecting a (
*** Error 48 "D:\OneDriveTrabajo\Clases\GitHub_Clases\Programacion de Perifericos\2023\PIC\MPU6050\main(MPU).c" Line 45(42,45): Expecting a (
*** Error 48 "D:\OneDriveTrabajo\Clases\GitHub_Clases\Programacion de Perifericos\2023\PIC\MPU6050\main(MPU).c" Line 45(46,49): Expecting a (
*** Error 28 "D:\OneDriveTrabajo\Clases\GitHub_Clases\Programacion de Perifericos\2023\PIC\MPU6050\main(MPU).c" Line 46(43,44): Expecting an identifier
*** Error 48 "D:\OneDriveTrabajo\Clases\GitHub_Clases\Programacion de Perifericos\2023\PIC\MPU6050\main(MPU).c" Line 46(44,47): Expecting a (
*** Error 48 "D:\OneDriveTrabajo\Clases\GitHub_Clases\Programacion de Perifericos\2023\PIC\MPU6050\main(MPU).c" Line 46(48,51): Expecting a (
*** Error 48 "D:\OneDriveTrabajo\Clases\GitHub_Clases\Programacion de Perifericos\2023\PIC\MPU6050\main(MPU).c" Line 46(52,56): Expecting a (
*** Error 28 "D:\OneDriveTrabajo\Clases\GitHub_Clases\Programacion de Perifericos\2023\PIC\MPU6050\main(MPU).c" Line 47(16,20): Expecting an identifier
*** Error 43 "D:\OneDriveTrabajo\Clases\GitHub_Clases\Programacion de Perifericos\2023\PIC\MPU6050\main(MPU).c" Line 50(4,5): Expecting a declaration
*** Error 43 "D:\OneDriveTrabajo\Clases\GitHub_Clases\Programacion de Perifericos\2023\PIC\MPU6050\main(MPU).c" Line 51(1,2): Expecting a declaration
*** Error 117 "D:\OneDriveTrabajo\Clases\GitHub_Clases\Programacion de Perifericos\2023\PIC\MPU6050\main(MPU).c" Line 54(48,49): Improper use of a function identifier
*** Error 43 "D:\OneDriveTrabajo\Clases\GitHub_Clases\Programacion de Perifericos\2023\PIC\MPU6050\main(MPU).c" Line 55(16,17): Expecting a declaration
*** Error 43 "D:\OneDriveTrabajo\Clases\GitHub_Clases\Programacion de Perifericos\2023\PIC\MPU6050\main(MPU).c" Line 55(17,18): Expecting a declaration
*** Error 28 "D:\OneDriveTrabajo\Clases\GitHub_Clases\Programacion de Perifericos\2023\PIC\MPU6050\main(MPU).c" Line 56(17,27): Expecting an identifier
*** Error 28 "D:\OneDriveTrabajo\Clases\GitHub_Clases\Programacion de Perifericos\2023\PIC\MPU6050\main(MPU).c" Line 57(17,18): Expecting an identifier
*** Error 28 "D:\OneDriveTrabajo\Clases\GitHub_Clases\Programacion de Perifericos\2023\PIC\MPU6050\main(MPU).c" Line 59(17,27): Expecting an identifier
*** Error 43 "D:\OneDriveTrabajo\Clases\GitHub_Clases\Programacion de Perifericos\2023\PIC\MPU6050\main(MPU).c" Line 60(7,8): Expecting a declaration
*** Error 48 "D:\OneDriveTrabajo\Clases\GitHub_Clases\Programacion de Perifericos\2023\PIC\MPU6050\main(MPU).c" Line 60(8,13): Expecting a (
*** Error 28 "D:\OneDriveTrabajo\Clases\GitHub_Clases\Programacion de Perifericos\2023\PIC\MPU6050\main(MPU).c" Line 60(25,26): Expecting an identifier
*** Error 28 "D:\OneDriveTrabajo\Clases\GitHub_Clases\Programacion de Perifericos\2023\PIC\MPU6050\main(MPU).c" Line 63(16,18): Expecting an identifier
*** Error 28 "D:\OneDriveTrabajo\Clases\GitHub_Clases\Programacion de Perifericos\2023\PIC\MPU6050\main(MPU).c" Line 66(17,27): Expecting an identifier
*** Error 28 "D:\OneDriveTrabajo\Clases\GitHub_Clases\Programacion de Perifericos\2023\PIC\MPU6050\main(MPU).c" Line 67(17,18): Expecting an identifier
*** Error 28 "D:\OneDriveTrabajo\Clases\GitHub_Clases\Programacion de Perifericos\2023\PIC\MPU6050\main(MPU).c" Line 69(17,27): Expecting an identifier
*** Error 43 "D:\OneDriveTrabajo\Clases\GitHub_Clases\Programacion de Perifericos\2023\PIC\MPU6050\main(MPU).c" Line 70(7,8): Expecting a declaration
*** Error 48 "D:\OneDriveTrabajo\Clases\GitHub_Clases\Programacion de Perifericos\2023\PIC\MPU6050\main(MPU).c" Line 70(8,13): Expecting a (
*** Error 28 "D:\OneDriveTrabajo\Clases\GitHub_Clases\Programacion de Perifericos\2023\PIC\MPU6050\main(MPU).c" Line 70(25,26): Expecting an identifier
*** Error 43 "D:\OneDriveTrabajo\Clases\GitHub_Clases\Programacion de Perifericos\2023\PIC\MPU6050\main(MPU).c" Line 72(7,8): Expecting a declaration
*** Error 48 "D:\OneDriveTrabajo\Clases\GitHub_Clases\Programacion de Perifericos\2023\PIC\MPU6050\main(MPU).c" Line 72(8,13): Expecting a (
*** Error 43 "D:\OneDriveTrabajo\Clases\GitHub_Clases\Programacion de Perifericos\2023\PIC\MPU6050\main(MPU).c" Line 72(18,19): Expecting a declaration
*** Error 43 "D:\OneDriveTrabajo\Clases\GitHub_Clases\Programacion de Perifericos\2023\PIC\MPU6050\main(MPU).c" Line 73(7,8): Expecting a declaration
*** Error 48 "D:\OneDriveTrabajo\Clases\GitHub_Clases\Programacion de Perifericos\2023\PIC\MPU6050\main(MPU).c" Line 73(8,13): Expecting a (
*** Error 43 "D:\OneDriveTrabajo\Clases\GitHub_Clases\Programacion de Perifericos\2023\PIC\MPU6050\main(MPU).c" Line 73(17,19): Expecting a declaration
*** Error 43 "D:\OneDriveTrabajo\Clases\GitHub_Clases\Programacion de Perifericos\2023\PIC\MPU6050\main(MPU).c" Line 74(1,2): Expecting a declaration
      94 Errors,  0 Warnings.
Build Failed.
