
ROM used:   2181/32768 (7%)
            2381/32768 (7%) including unused fragments

            0.3 Average locations per line
            15.3 Average locations per statement

RAM used:   153/4096 (4%) at main() level
            210/4096 (5%) worst case

Stack used: 3 worst case (2 in main + 1 for interrupts)
Stack size: 16

Lines Stmts  %   Files
----- ----- ---  -----
   83    30  21  main.c
   74     0   0  main.h
 2190     0   0  C:\Program Files (x86)\PICC_5.105\devices\16LF18857.h
 4088     0   0  PIC16F18857_registers.h
   57    24  17  MAX6675_Y.c
  271    69  48  lcd20x4.c
  195     0   0  C:\Program Files (x86)\PICC_5.105\drivers\stdint.h
   39     0   0  C:\Program Files (x86)\PICC_5.105\drivers\stdbool.h
   33    12   8  interrupciones.c
   21     8   6  pid.c
----- -----
 7051   143 Total

Page ROM  %  RAM    Vol Diff  Functions:
---- --- --- ---    --- ----  ----------
0     21   1    1             @delay_ms1
0      5   0    0     37  1.1  MAX66_init
 Inline         3    485  5.2  read_Termopar
0    149   7    8    112  2.4  MAX66_readC
 Inline         2             @ITOF
0    204   9   14             @DIVFF
0    119   5   13             @MULFF
0    327  15   20             @ADDFF
0      5   0    0             @const3795
0     50   2    1    326  2.8  lcd_send_nibble
 Inline         3    259  3.8  lcd_send_byte
0     98   4    2    406  4.7  lcd_init
0     34   2    0    117  3.0  EXT_isr
0     18   1    0     96  2.9  TIMER5_isr
0    174   8   24    154  5.5  map
1    334  15   10   1118  6.6  main
0     39   2    2             @SITOF
0     33   2    4             @SFTOI
0     16   1    0             @const3873
0     15   1    1             @SPRINTF
0     91   4    4             @PSTRINGCN7_3875
 Inline         5             @FTOSD
0     79   4   15             @DIV3232
0    287  13   16             @PRINTF_L32D_3875FPFPF
 Inline         0             @cinit1

Program metrics:
    Functions               10
    Statements              143
    Comments                537
    Volume (V)              4815
    Difficulty (D)          36.2
    Effort to implement (E) 174304
    Time to implement (T)   2 hours, 41 minutes
    Est Delivered Bugs (B)  1
    Cyclomatic Complexity   8
    Maintainability (MI)    49

 Segment     Used  Free
-----------  ----  ----
00000-00002     3  0  
00003-00003     0  1  
00004-00053    80  0  
00054-007FF  1764  200  
00800-00FFF   334  1714  
01000-017FF     0  2048  
01800-01FFF     0  2048  
02000-027FF     0  2048  
02800-02FFF     0  2048  
03000-037FF     0  2048  
03800-03FFF     0  2048  
04000-047FF     0  2048  
04800-04FFF     0  2048  
05000-057FF     0  2048  
05800-05FFF     0  2048  
06000-067FF     0  2048  
06800-06FFF     0  2048  
07000-077FF     0  2048  
07800-07FFF     0  2048  



