*PADS-PCB*
*PART*
C100   AP1-00039
C101   
C102   
C103   
C106   
C107   
C108   
C200   AP1-00053
C201   AP1-00053
C202   AP1-00053
C203   AP1-00053
C204   AP1-00053
C205   AP1-00053
C206   AP1-00053
D100   AP4-00160
D200   AP4-00169
F100   AP2-00002
FW1    
J100   AP8-00595
J101   AP8-01183
J102   AP8-00997
J105   AP8-01099
J200   AP8-01100
J201   AP8-01166
J202   AP8-01166
J203   AP8-01166
J204   AP8-01166
J205   AP8-01166
J206   AP8-01166
J207   AP8-01166
J208   AP8-01166
J209   AP8-00595
J210   AP9-00172
J211   AP9-00172
J212   AP8-01166
J213   AP8-01166
J214   AP9-00172
J215   AP9-00172
J216   AP8-00595
LABEL1 AP8-00317
PCB1   
PCBADOC1 
Q101   AP5-00056
R100   
R101   
R102   
R103   
R104   
R105   
R106   
R107   
R108   
R109   
R110   
R111   
R112   
R113   
R200   AP2-00011
R202   AP2-00011
R203   AP2-00011
R204   AP2-00011
R205   AP2-00011
SW200  AP8-00137
TEST1  
TESTDOC1 
TP100  AP8-00870
TP101  AP8-00870
U100   AP6-00418
U101   AP6-00481
U102   AP6-00504
U103   AP6-00505
U104   AP6-00505
U105   AP6-00505
U106   AP6-00505
U107   AP6-00505
U108   AP6-00513
U200   AP6-00357
XC200  AP7-00069
XC201  AP7-00061
*END*
