Release 14.7 - xst P.20131013 (nt64)
Copyright (c) 1995-2013 Xilinx, Inc.  All rights reserved.
--> Parameter TMPDIR set to xst/projnav.tmp


Total REAL time to Xst completion: 0.00 secs
Total CPU time to Xst completion: 0.08 secs
 
--> Parameter xsthdpdir set to xst


Total REAL time to Xst completion: 0.00 secs
Total CPU time to Xst completion: 0.08 secs
 
--> Reading design: DivisorFreq.prj

TABLE OF CONTENTS
  1) Synthesis Options Summary
  2) HDL Compilation
  3) Design Hierarchy Analysis
  4) HDL Analysis
  5) HDL Synthesis
     5.1) HDL Synthesis Report
  6) Advanced HDL Synthesis
     6.1) Advanced HDL Synthesis Report
  7) Low Level Synthesis
  8) Partition Report
  9) Final Report
	9.1) Device utilization summary
	9.2) Partition Resource Summary
	9.3) TIMING REPORT


=========================================================================
*                      Synthesis Options Summary                        *
=========================================================================
---- Source Parameters
Input File Name                    : "DivisorFreq.prj"
Input Format                       : mixed
Ignore Synthesis Constraint File   : NO

---- Target Parameters
Output File Name                   : "DivisorFreq"
Output Format                      : NGC
Target Device                      : xc3s700a-4-fg484

---- Source Options
Top Module Name                    : DivisorFreq
Automatic FSM Extraction           : YES
FSM Encoding Algorithm             : Auto
Safe Implementation                : No
FSM Style                          : LUT
RAM Extraction                     : Yes
RAM Style                          : Auto
ROM Extraction                     : Yes
Mux Style                          : Auto
Decoder Extraction                 : YES
Priority Encoder Extraction        : Yes
Shift Register Extraction          : YES
Logical Shifter Extraction         : YES
XOR Collapsing                     : YES
ROM Style                          : Auto
Mux Extraction                     : Yes
Resource Sharing                   : YES
Asynchronous To Synchronous        : NO
Multiplier Style                   : Auto
Automatic Register Balancing       : No

---- Target Options
Add IO Buffers                     : YES
Global Maximum Fanout              : 500
Add Generic Clock Buffer(BUFG)     : 24
Register Duplication               : YES
Slice Packing                      : YES
Optimize Instantiated Primitives   : NO
Use Clock Enable                   : Yes
Use Synchronous Set                : Yes
Use Synchronous Reset              : Yes
Pack IO Registers into IOBs        : Auto
Equivalent register Removal        : YES

---- General Options
Optimization Goal                  : Speed
Optimization Effort                : 1
Keep Hierarchy                     : No
Netlist Hierarchy                  : As_Optimized
RTL Output                         : Yes
Global Optimization                : AllClockNets
Read Cores                         : YES
Write Timing Constraints           : NO
Cross Clock Analysis               : NO
Hierarchy Separator                : /
Bus Delimiter                      : <>
Case Specifier                     : Maintain
Slice Utilization Ratio            : 100
BRAM Utilization Ratio             : 100
Verilog 2001                       : YES
Auto BRAM Packing                  : NO
Slice Utilization Ratio Delta      : 5

=========================================================================


=========================================================================
*                          HDL Compilation                              *
=========================================================================
Compiling vhdl file "D:/OneDrive - Soluciones Marva/Xilinx/1_sep2021/ContadorAuto/DivisorFreq.vhd" in Library work.
Entity <divisorfreq> compiled.
Entity <divisorfreq> (Architecture <behavioral>) compiled.

=========================================================================
*                     Design Hierarchy Analysis                         *
=========================================================================
Analyzing hierarchy for entity <DivisorFreq> in library <work> (architecture <behavioral>).


=========================================================================
*                            HDL Analysis                               *
=========================================================================
Analyzing Entity <DivisorFreq> in library <work> (Architecture <behavioral>).
Entity <DivisorFreq> analyzed. Unit <DivisorFreq> generated.


=========================================================================
*                           HDL Synthesis                               *
=========================================================================

Performing bidirectional port resolution...

Synthesizing Unit <DivisorFreq>.
    Related source file is "D:/OneDrive - Soluciones Marva/Xilinx/1_sep2021/ContadorAuto/DivisorFreq.vhd".
    Found 1-bit register for signal <salida>.
    Found 26-bit up counter for signal <contador>.
    Found 26-bit comparator less for signal <contador$cmp_lt0000> created at line 28.
    Found 26-bit comparator less for signal <salida$cmp_lt0000> created at line 36.
    Summary:
	inferred   1 Counter(s).
	inferred   1 D-type flip-flop(s).
	inferred   2 Comparator(s).
Unit <DivisorFreq> synthesized.


=========================================================================
HDL Synthesis Report

Macro Statistics
# Counters                                             : 1
 26-bit up counter                                     : 1
# Registers                                            : 1
 1-bit register                                        : 1
# Comparators                                          : 2
 26-bit comparator less                                : 2

=========================================================================

=========================================================================
*                       Advanced HDL Synthesis                          *
=========================================================================


=========================================================================
Advanced HDL Synthesis Report

Macro Statistics
# Counters                                             : 1
 26-bit up counter                                     : 1
# Registers                                            : 1
 Flip-Flops                                            : 1
# Comparators                                          : 2
 26-bit comparator less                                : 2

=========================================================================

=========================================================================
*                         Low Level Synthesis                           *
=========================================================================

Optimizing unit <DivisorFreq> ...

Mapping all equations...
Building and optimizing final netlist ...
Found area constraint ratio of 100 (+ 5) on block DivisorFreq, actual ratio is 0.

Final Macro Processing ...

=========================================================================
Final Register Report

Macro Statistics
# Registers                                            : 27
 Flip-Flops                                            : 27

=========================================================================

=========================================================================
*                           Partition Report                            *
=========================================================================

Partition Implementation Status
-------------------------------

  No Partitions were found in this design.

-------------------------------

=========================================================================
*                            Final Report                               *
=========================================================================
Final Results
RTL Top Level Output File Name     : DivisorFreq.ngr
Top Level Output File Name         : DivisorFreq
Output Format                      : NGC
Optimization Goal                  : Speed
Keep Hierarchy                     : No

Design Statistics
# IOs                              : 3

Cell Usage :
# BELS                             : 122
#      GND                         : 1
#      INV                         : 9
#      LUT1                        : 33
#      LUT4                        : 6
#      MUXCY                       : 46
#      VCC                         : 1
#      XORCY                       : 26
# FlipFlops/Latches                : 27
#      FDC                         : 1
#      FDR                         : 26
# Clock Buffers                    : 1
#      BUFGP                       : 1
# IO Buffers                       : 2
#      IBUF                        : 1
#      OBUF                        : 1
=========================================================================

Device utilization summary:
---------------------------

Selected Device : 3s700afg484-4 

 Number of Slices:                       25  out of   5888     0%  
 Number of Slice Flip Flops:             27  out of  11776     0%  
 Number of 4 input LUTs:                 48  out of  11776     0%  
 Number of IOs:                           3
 Number of bonded IOBs:                   3  out of    372     0%  
 Number of GCLKs:                         1  out of     24     4%  

---------------------------
Partition Resource Summary:
---------------------------

  No Partitions were found in this design.

---------------------------


=========================================================================
TIMING REPORT

NOTE: THESE TIMING NUMBERS ARE ONLY A SYNTHESIS ESTIMATE.
      FOR ACCURATE TIMING INFORMATION PLEASE REFER TO THE TRACE REPORT
      GENERATED AFTER PLACE-and-ROUTE.

Clock Information:
------------------
-----------------------------------+------------------------+-------+
Clock Signal                       | Clock buffer(FF name)  | Load  |
-----------------------------------+------------------------+-------+
clk                                | BUFGP                  | 27    |
-----------------------------------+------------------------+-------+

Asynchronous Control Signals Information:
----------------------------------------
-----------------------------------+------------------------+-------+
Control Signal                     | Buffer(FF name)        | Load  |
-----------------------------------+------------------------+-------+
reset                              | IBUF                   | 1     |
-----------------------------------+------------------------+-------+

Timing Summary:
---------------
Speed Grade: -4

   Minimum period: 5.335ns (Maximum Frequency: 187.430MHz)
   Minimum input arrival time before clock: No path found
   Maximum output required time after clock: 5.531ns
   Maximum combinational path delay: No path found

Timing Detail:
--------------
All values displayed in nanoseconds (ns)

=========================================================================
Timing constraint: Default period analysis for Clock 'clk'
  Clock period: 5.335ns (frequency: 187.430MHz)
  Total number of paths / destination ports: 865 / 53
-------------------------------------------------------------------------
Delay:               5.335ns (Levels of Logic = 11)
  Source:            contador_7 (FF)
  Destination:       contador_0 (FF)
  Source Clock:      clk rising
  Destination Clock: clk rising

  Data Path: contador_7 to contador_0
                                Gate     Net
    Cell:in->out      fanout   Delay   Delay  Logical Name (Net Name)
    ----------------------------------------  ------------
     FDR:C->Q              3   0.591   0.674  contador_7 (contador_7)
     LUT1:I0->O            1   0.648   0.000  Mcompar_salida_cmp_lt0000_cy<0>_0_rt (Mcompar_salida_cmp_lt0000_cy<0>_0_rt)
     MUXCY:S->O            1   0.632   0.000  Mcompar_salida_cmp_lt0000_cy<0>_0 (Mcompar_salida_cmp_lt0000_cy<0>1)
     MUXCY:CI->O           1   0.065   0.000  Mcompar_salida_cmp_lt0000_cy<1>_0 (Mcompar_salida_cmp_lt0000_cy<1>1)
     MUXCY:CI->O           1   0.065   0.000  Mcompar_salida_cmp_lt0000_cy<2>_0 (Mcompar_salida_cmp_lt0000_cy<2>1)
     MUXCY:CI->O           1   0.065   0.000  Mcompar_salida_cmp_lt0000_cy<3>_0 (Mcompar_salida_cmp_lt0000_cy<3>1)
     MUXCY:CI->O           1   0.065   0.000  Mcompar_salida_cmp_lt0000_cy<4>_0 (Mcompar_salida_cmp_lt0000_cy<4>1)
     MUXCY:CI->O           1   0.065   0.000  Mcompar_salida_cmp_lt0000_cy<5>_0 (Mcompar_salida_cmp_lt0000_cy<5>1)
     MUXCY:CI->O           1   0.065   0.000  Mcompar_salida_cmp_lt0000_cy<6>_0 (Mcompar_salida_cmp_lt0000_cy<6>1)
     MUXCY:CI->O           1   0.065   0.000  Mcompar_salida_cmp_lt0000_cy<7>_0 (Mcompar_salida_cmp_lt0000_cy<7>1)
     MUXCY:CI->O           1   0.065   0.000  Mcompar_salida_cmp_lt0000_cy<8>_0 (Mcompar_salida_cmp_lt0000_cy<8>1)
     MUXCY:CI->O          26   0.141   1.260  Mcompar_salida_cmp_lt0000_cy<9>_0 (Mcompar_salida_cmp_lt0000_cy<9>1)
     FDR:R                     0.869          contador_0
    ----------------------------------------
    Total                      5.335ns (3.401ns logic, 1.934ns route)
                                       (63.7% logic, 36.3% route)

=========================================================================
Timing constraint: Default OFFSET OUT AFTER for Clock 'clk'
  Total number of paths / destination ports: 1 / 1
-------------------------------------------------------------------------
Offset:              5.531ns (Levels of Logic = 1)
  Source:            salida (FF)
  Destination:       salida (PAD)
  Source Clock:      clk rising

  Data Path: salida to salida
                                Gate     Net
    Cell:in->out      fanout   Delay   Delay  Logical Name (Net Name)
    ----------------------------------------  ------------
     FDC:C->Q              1   0.591   0.420  salida (salida_OBUF)
     OBUF:I->O                 4.520          salida_OBUF (salida)
    ----------------------------------------
    Total                      5.531ns (5.111ns logic, 0.420ns route)
                                       (92.4% logic, 7.6% route)

=========================================================================


Total REAL time to Xst completion: 3.00 secs
Total CPU time to Xst completion: 3.11 secs
 
--> 

Total memory usage is 4517172 kilobytes

Number of errors   :    0 (   0 filtered)
Number of warnings :    0 (   0 filtered)
Number of infos    :    0 (   0 filtered)

