Release 14.7 - xst P.20131013 (nt64)
Copyright (c) 1995-2013 Xilinx, Inc.  All rights reserved.
--> Parameter TMPDIR set to xst/projnav.tmp


Total REAL time to Xst completion: 0.00 secs
Total CPU time to Xst completion: 0.12 secs
 
--> Parameter xsthdpdir set to xst


Total REAL time to Xst completion: 0.00 secs
Total CPU time to Xst completion: 0.12 secs
 
--> Reading design: Main.prj

TABLE OF CONTENTS
  1) Synthesis Options Summary
  2) HDL Compilation
  3) Design Hierarchy Analysis
  4) HDL Analysis
  5) HDL Synthesis
     5.1) HDL Synthesis Report
  6) Advanced HDL Synthesis
     6.1) Advanced HDL Synthesis Report
  7) Low Level Synthesis
  8) Partition Report
  9) Final Report
	9.1) Device utilization summary
	9.2) Partition Resource Summary
	9.3) TIMING REPORT


=========================================================================
*                      Synthesis Options Summary                        *
=========================================================================
---- Source Parameters
Input File Name                    : "Main.prj"
Input Format                       : mixed
Ignore Synthesis Constraint File   : NO

---- Target Parameters
Output File Name                   : "Main"
Output Format                      : NGC
Target Device                      : xc3s700a-4-fg484

---- Source Options
Top Module Name                    : Main
Automatic FSM Extraction           : YES
FSM Encoding Algorithm             : Auto
Safe Implementation                : No
FSM Style                          : LUT
RAM Extraction                     : Yes
RAM Style                          : Auto
ROM Extraction                     : Yes
Mux Style                          : Auto
Decoder Extraction                 : YES
Priority Encoder Extraction        : Yes
Shift Register Extraction          : YES
Logical Shifter Extraction         : YES
XOR Collapsing                     : YES
ROM Style                          : Auto
Mux Extraction                     : Yes
Resource Sharing                   : YES
Asynchronous To Synchronous        : NO
Multiplier Style                   : Auto
Automatic Register Balancing       : No

---- Target Options
Add IO Buffers                     : YES
Global Maximum Fanout              : 100000
Add Generic Clock Buffer(BUFG)     : 24
Register Duplication               : YES
Slice Packing                      : YES
Optimize Instantiated Primitives   : NO
Use Clock Enable                   : Yes
Use Synchronous Set                : Yes
Use Synchronous Reset              : Yes
Pack IO Registers into IOBs        : Auto
Equivalent register Removal        : YES

---- General Options
Optimization Goal                  : Speed
Optimization Effort                : 1
Keep Hierarchy                     : No
Netlist Hierarchy                  : As_Optimized
RTL Output                         : Yes
Global Optimization                : AllClockNets
Read Cores                         : YES
Write Timing Constraints           : NO
Cross Clock Analysis               : NO
Hierarchy Separator                : /
Bus Delimiter                      : <>
Case Specifier                     : Maintain
Slice Utilization Ratio            : 100
BRAM Utilization Ratio             : 100
Verilog 2001                       : YES
Auto BRAM Packing                  : NO
Slice Utilization Ratio Delta      : 5

=========================================================================


=========================================================================
*                          HDL Compilation                              *
=========================================================================
Compiling vhdl file "D:/OneDrive - Soluciones Marva/Xilinx/1_sep2021/ContadorAuto/DivisorFreq.vhd" in Library work.
Architecture behavioral of Entity divisorfreq is up to date.
Compiling vhdl file "D:/OneDrive - Soluciones Marva/Xilinx/1_sep2021/ContadorAuto/contador.vhd" in Library work.
Architecture behavioral of Entity contador is up to date.
Compiling vhdl file "D:/OneDrive - Soluciones Marva/Xilinx/1_sep2021/ContadorAuto/Main.vhf" in Library work.
Entity <main> compiled.
Entity <main> (Architecture <behavioral>) compiled.

=========================================================================
*                     Design Hierarchy Analysis                         *
=========================================================================
Analyzing hierarchy for entity <Main> in library <work> (architecture <behavioral>).

Analyzing hierarchy for entity <DivisorFreq> in library <work> (architecture <behavioral>).

Analyzing hierarchy for entity <contador> in library <work> (architecture <behavioral>).


=========================================================================
*                            HDL Analysis                               *
=========================================================================
Analyzing Entity <Main> in library <work> (Architecture <behavioral>).
INFO:Xst:1739 - HDL ADVISOR - "D:/OneDrive - Soluciones Marva/Xilinx/1_sep2021/ContadorAuto/Main.vhf" line 9: declaration of a buffer port will make it difficult for you to validate this design by simulation. It is preferable to declare it as output.
Entity <Main> analyzed. Unit <Main> generated.

Analyzing Entity <DivisorFreq> in library <work> (Architecture <behavioral>).
Entity <DivisorFreq> analyzed. Unit <DivisorFreq> generated.

Analyzing Entity <contador> in library <work> (Architecture <behavioral>).
Entity <contador> analyzed. Unit <contador> generated.


=========================================================================
*                           HDL Synthesis                               *
=========================================================================

Performing bidirectional port resolution...

Synthesizing Unit <DivisorFreq>.
    Related source file is "D:/OneDrive - Soluciones Marva/Xilinx/1_sep2021/ContadorAuto/DivisorFreq.vhd".
    Found 1-bit register for signal <salida>.
    Found 26-bit up counter for signal <contador>.
    Found 26-bit comparator less for signal <contador$cmp_lt0000> created at line 28.
    Found 26-bit comparator less for signal <salida$cmp_lt0000> created at line 36.
    Summary:
	inferred   1 Counter(s).
	inferred   1 D-type flip-flop(s).
	inferred   2 Comparator(s).
Unit <DivisorFreq> synthesized.


Synthesizing Unit <contador>.
    Related source file is "D:/OneDrive - Soluciones Marva/Xilinx/1_sep2021/ContadorAuto/contador.vhd".
    Found 5-bit up counter for signal <salida>.
    Summary:
	inferred   1 Counter(s).
Unit <contador> synthesized.


Synthesizing Unit <Main>.
    Related source file is "D:/OneDrive - Soluciones Marva/Xilinx/1_sep2021/ContadorAuto/Main.vhf".
Unit <Main> synthesized.


=========================================================================
HDL Synthesis Report

Macro Statistics
# Counters                                             : 2
 26-bit up counter                                     : 1
 5-bit up counter                                      : 1
# Registers                                            : 1
 1-bit register                                        : 1
# Comparators                                          : 2
 26-bit comparator less                                : 2

=========================================================================

=========================================================================
*                       Advanced HDL Synthesis                          *
=========================================================================


=========================================================================
Advanced HDL Synthesis Report

Macro Statistics
# Counters                                             : 2
 26-bit up counter                                     : 1
 5-bit up counter                                      : 1
# Registers                                            : 1
 Flip-Flops                                            : 1
# Comparators                                          : 2
 26-bit comparator less                                : 2

=========================================================================

=========================================================================
*                         Low Level Synthesis                           *
=========================================================================

Optimizing unit <Main> ...

Mapping all equations...
Building and optimizing final netlist ...
Found area constraint ratio of 100 (+ 5) on block Main, actual ratio is 0.

Final Macro Processing ...

=========================================================================
Final Register Report

Macro Statistics
# Registers                                            : 32
 Flip-Flops                                            : 32

=========================================================================

=========================================================================
*                           Partition Report                            *
=========================================================================

Partition Implementation Status
-------------------------------

  No Partitions were found in this design.

-------------------------------

=========================================================================
*                            Final Report                               *
=========================================================================
Final Results
RTL Top Level Output File Name     : Main.ngr
Top Level Output File Name         : Main
Output Format                      : NGC
Optimization Goal                  : Speed
Keep Hierarchy                     : No

Design Statistics
# IOs                              : 8

Cell Usage :
# BELS                             : 128
#      GND                         : 1
#      INV                         : 10
#      LUT1                        : 33
#      LUT2                        : 1
#      LUT3                        : 2
#      LUT3_L                      : 1
#      LUT4                        : 7
#      MUXCY                       : 46
#      VCC                         : 1
#      XORCY                       : 26
# FlipFlops/Latches                : 32
#      FDC                         : 6
#      FDR                         : 26
# Clock Buffers                    : 1
#      BUFGP                       : 1
# IO Buffers                       : 7
#      IBUF                        : 2
#      OBUF                        : 5
=========================================================================

Device utilization summary:
---------------------------

Selected Device : 3s700afg484-4 

 Number of Slices:                       28  out of   5888     0%  
 Number of Slice Flip Flops:             32  out of  11776     0%  
 Number of 4 input LUTs:                 54  out of  11776     0%  
 Number of IOs:                           8
 Number of bonded IOBs:                   8  out of    372     2%  
 Number of GCLKs:                         1  out of     24     4%  

---------------------------
Partition Resource Summary:
---------------------------

  No Partitions were found in this design.

---------------------------


=========================================================================
TIMING REPORT

NOTE: THESE TIMING NUMBERS ARE ONLY A SYNTHESIS ESTIMATE.
      FOR ACCURATE TIMING INFORMATION PLEASE REFER TO THE TRACE REPORT
      GENERATED AFTER PLACE-and-ROUTE.

Clock Information:
------------------
-----------------------------------+------------------------+-------+
Clock Signal                       | Clock buffer(FF name)  | Load  |
-----------------------------------+------------------------+-------+
CLK                                | BUFGP                  | 27    |
XLXI_3/salida                      | NONE(XLXI_4/salida_0)  | 5     |
-----------------------------------+------------------------+-------+
INFO:Xst:2169 - HDL ADVISOR - Some clock signals were not automatically buffered by XST with BUFG/BUFR resources. Please use the buffer_type constraint in order to insert these buffers to the clock signals to help prevent skew problems.

Asynchronous Control Signals Information:
----------------------------------------
-----------------------------------+------------------------+-------+
Control Signal                     | Buffer(FF name)        | Load  |
-----------------------------------+------------------------+-------+
RST1                               | IBUF                   | 5     |
RST                                | IBUF                   | 1     |
-----------------------------------+------------------------+-------+

Timing Summary:
---------------
Speed Grade: -4

   Minimum period: 5.335ns (Maximum Frequency: 187.430MHz)
   Minimum input arrival time before clock: No path found
   Maximum output required time after clock: 5.780ns
   Maximum combinational path delay: No path found

Timing Detail:
--------------
All values displayed in nanoseconds (ns)

=========================================================================
Timing constraint: Default period analysis for Clock 'CLK'
  Clock period: 5.335ns (frequency: 187.430MHz)
  Total number of paths / destination ports: 865 / 53
-------------------------------------------------------------------------
Delay:               5.335ns (Levels of Logic = 11)
  Source:            XLXI_3/contador_7 (FF)
  Destination:       XLXI_3/contador_0 (FF)
  Source Clock:      CLK rising
  Destination Clock: CLK rising

  Data Path: XLXI_3/contador_7 to XLXI_3/contador_0
                                Gate     Net
    Cell:in->out      fanout   Delay   Delay  Logical Name (Net Name)
    ----------------------------------------  ------------
     FDR:C->Q              3   0.591   0.674  XLXI_3/contador_7 (XLXI_3/contador_7)
     LUT1:I0->O            1   0.648   0.000  XLXI_3/Mcompar_contador_cmp_lt0000_cy<0>_rt (XLXI_3/Mcompar_contador_cmp_lt0000_cy<0>_rt)
     MUXCY:S->O            1   0.632   0.000  XLXI_3/Mcompar_contador_cmp_lt0000_cy<0> (XLXI_3/Mcompar_contador_cmp_lt0000_cy<0>)
     MUXCY:CI->O           1   0.065   0.000  XLXI_3/Mcompar_contador_cmp_lt0000_cy<1> (XLXI_3/Mcompar_contador_cmp_lt0000_cy<1>)
     MUXCY:CI->O           1   0.065   0.000  XLXI_3/Mcompar_contador_cmp_lt0000_cy<2> (XLXI_3/Mcompar_contador_cmp_lt0000_cy<2>)
     MUXCY:CI->O           1   0.065   0.000  XLXI_3/Mcompar_contador_cmp_lt0000_cy<3> (XLXI_3/Mcompar_contador_cmp_lt0000_cy<3>)
     MUXCY:CI->O           1   0.065   0.000  XLXI_3/Mcompar_contador_cmp_lt0000_cy<4> (XLXI_3/Mcompar_contador_cmp_lt0000_cy<4>)
     MUXCY:CI->O           1   0.065   0.000  XLXI_3/Mcompar_contador_cmp_lt0000_cy<5> (XLXI_3/Mcompar_contador_cmp_lt0000_cy<5>)
     MUXCY:CI->O           1   0.065   0.000  XLXI_3/Mcompar_contador_cmp_lt0000_cy<6> (XLXI_3/Mcompar_contador_cmp_lt0000_cy<6>)
     MUXCY:CI->O           1   0.065   0.000  XLXI_3/Mcompar_contador_cmp_lt0000_cy<7> (XLXI_3/Mcompar_contador_cmp_lt0000_cy<7>)
     MUXCY:CI->O           1   0.065   0.000  XLXI_3/Mcompar_contador_cmp_lt0000_cy<8> (XLXI_3/Mcompar_contador_cmp_lt0000_cy<8>)
     MUXCY:CI->O          26   0.141   1.260  XLXI_3/Mcompar_contador_cmp_lt0000_cy<9> (XLXI_3/Mcompar_contador_cmp_lt0000_cy<9>)
     FDR:R                     0.869          XLXI_3/contador_0
    ----------------------------------------
    Total                      5.335ns (3.401ns logic, 1.934ns route)
                                       (63.7% logic, 36.3% route)

=========================================================================
Timing constraint: Default period analysis for Clock 'XLXI_3/salida'
  Clock period: 3.083ns (frequency: 324.359MHz)
  Total number of paths / destination ports: 15 / 5
-------------------------------------------------------------------------
Delay:               3.083ns (Levels of Logic = 2)
  Source:            XLXI_4/salida_0 (FF)
  Destination:       XLXI_4/salida_4 (FF)
  Source Clock:      XLXI_3/salida rising
  Destination Clock: XLXI_3/salida rising

  Data Path: XLXI_4/salida_0 to XLXI_4/salida_4
                                Gate     Net
    Cell:in->out      fanout   Delay   Delay  Logical Name (Net Name)
    ----------------------------------------  ------------
     FDC:C->Q              6   0.591   0.812  XLXI_4/salida_0 (XLXI_4/salida_0)
     LUT3_L:I0->LO         1   0.648   0.132  XLXI_4/Mcount_salida_xor<3>111 (N11)
     LUT3:I2->O            1   0.648   0.000  XLXI_4/Mcount_salida_xor<4>11 (XLXI_4/Mcount_salida4)
     FDC:D                     0.252          XLXI_4/salida_4
    ----------------------------------------
    Total                      3.083ns (2.139ns logic, 0.944ns route)
                                       (69.4% logic, 30.6% route)

=========================================================================
Timing constraint: Default OFFSET OUT AFTER for Clock 'XLXI_3/salida'
  Total number of paths / destination ports: 5 / 5
-------------------------------------------------------------------------
Offset:              5.780ns (Levels of Logic = 1)
  Source:            XLXI_4/salida_0 (FF)
  Destination:       Salida<0> (PAD)
  Source Clock:      XLXI_3/salida rising

  Data Path: XLXI_4/salida_0 to Salida<0>
                                Gate     Net
    Cell:in->out      fanout   Delay   Delay  Logical Name (Net Name)
    ----------------------------------------  ------------
     FDC:C->Q              6   0.591   0.669  XLXI_4/salida_0 (XLXI_4/salida_0)
     OBUF:I->O                 4.520          Salida_0_OBUF (Salida<0>)
    ----------------------------------------
    Total                      5.780ns (5.111ns logic, 0.669ns route)
                                       (88.4% logic, 11.6% route)

=========================================================================


Total REAL time to Xst completion: 3.00 secs
Total CPU time to Xst completion: 3.59 secs
 
--> 

Total memory usage is 4518216 kilobytes

Number of errors   :    0 (   0 filtered)
Number of warnings :    0 (   0 filtered)
Number of infos    :    2 (   0 filtered)

