CCS PCM C Compiler, Version 5.105, 4770               17-ago.-22 14:04

               Filename:   D:\OneDriveTrabajo\Clases\GitHub_Clases\Microcontroladores\2022\CCSenMPLABx.X\build\default\production\main.lst

               ROM used:   163 words (2%)
                           Largest free fragment is 2048
               RAM used:   7 (1%) at main() level
                           22 (2%) worst case
               Stack used: 0 locations
               Stack size: 16

*
0000:  MOVLP  00
0001:  GOTO   08A
0002:  NOP
.................... /*
....................  * File:   main.c
....................  * Author: PicTrance
....................  *
....................  * Created on August 12, 2022, 3:25 PM
....................  */
.................... #include "main.h"
.................... /* 
....................  * File:   main.h
....................  * Author: PicTrance
....................  *
....................  * Created on August 12, 2022, 3:27 PM
....................  */
.................... 
.................... #ifndef MAIN_H
.................... #define	MAIN_H
.................... 
.................... #ifdef	__cplusplus
.................... extern "C" {
.................... #endif
.................... 
....................     #include <16LF18855.h>
.................... //////////// Standard Header file for the PIC16LF18855 device ////////////////
.................... ///////////////////////////////////////////////////////////////////////////
.................... ////        (C) Copyright 1996, 2020 Custom Computer Services          ////
.................... //// This source code may only be used by licensed users of the CCS C  ////
.................... //// compiler.  This source code may only be distributed to other      ////
.................... //// licensed users of the CCS C compiler.  No other use, reproduction ////
.................... //// or distribution is permitted without written permission.          ////
.................... //// Derivative programs created using this software in object code    ////
.................... //// form are not restricted in any way.                               ////
.................... ///////////////////////////////////////////////////////////////////////////
.................... #device PIC16LF18855
0003:  DATA E8,37
0004:  DATA EC,30
0005:  DATA A0,36
0006:  DATA 75,37
0007:  DATA E4,37
0008:  DATA 0A,00
*
003F:  MOVF   0B,W
0040:  BCF    0B.7
0041:  MOVLB  10
0042:  BCF    1E.6
0043:  BSF    1E.0
0044:  NOP
0045:  NOP
0046:  BTFSC  09.7
0047:  BSF    0B.7
0048:  MOVF   1C,W
0049:  ANDLW  7F
004A:  BTFSC  03.2
004B:  GOTO   087
004C:  MOVLB  00
004D:  MOVWF  22
004E:  MOVLB  10
004F:  MOVF   1A,W
0050:  MOVLB  00
0051:  MOVWF  23
0052:  MOVLB  10
0053:  MOVF   1B,W
0054:  MOVLB  00
0055:  MOVWF  24
0056:  MOVF   22,W
0057:  MOVWF  25
0058:  CALL   009
0059:  MOVF   23,W
005A:  MOVLB  10
005B:  MOVWF  1A
005C:  MOVLB  00
005D:  MOVF   24,W
005E:  MOVLB  10
005F:  MOVWF  1B
0060:  MOVF   0B,W
0061:  BCF    0B.7
0062:  BCF    1E.6
0063:  BSF    1E.0
0064:  NOP
0065:  NOP
0066:  BTFSC  09.7
0067:  BSF    0B.7
0068:  RLF    1C,W
0069:  RLF    1D,W
006A:  ANDLW  7F
006B:  BTFSC  03.2
006C:  GOTO   087
006D:  MOVLB  00
006E:  MOVWF  22
006F:  MOVLB  10
0070:  MOVF   1A,W
0071:  MOVLB  00
0072:  MOVWF  23
0073:  MOVLB  10
0074:  MOVF   1B,W
0075:  MOVLB  00
0076:  MOVWF  24
0077:  MOVF   22,W
0078:  MOVWF  25
0079:  CALL   009
007A:  MOVF   23,W
007B:  MOVLB  10
007C:  MOVWF  1A
007D:  MOVLB  00
007E:  MOVF   24,W
007F:  MOVLB  10
0080:  MOVWF  1B
0081:  INCF   1A,F
0082:  BTFSC  03.2
0083:  INCF   1B,F
0084:  MOVLB  00
0085:  GOTO   03F
0086:  MOVLB  10
0087:  MOVLP  00
0088:  MOVLB  00
0089:  GOTO   0A2 (RETURN)
.................... 
.................... #list
.................... 
....................     //#include "PIC16F18857_registers.h"
....................     #device ADC=10
.................... 
....................     #fuses RSTOSC_HFINTRC_32MHZ
....................     //#fuses RSTOSC_HFINTRC
....................     //#fuses RSTOSC_HFINTRC_1MHZ
....................     #fuses NOEXTOSC,NOCLKOUT,NOCKS,NOFCMEN
....................     #fuses MCLR,PUT,NOLPBOR,NOBROWNOUT,BORV24,NOPPS1WAY,NOSTVREN,NODEBUG
....................     #fuses WDTSW,NOWDT,WDTWIN_100%,WDTCLK_LFINTRC
....................     #fuses NOWRT,NOSCANE,NOLVP, NOPROTECT,NOCPD
....................     #fuses ZCDDIS
....................     //#fuses NOZCDDIS
....................     #use delay(clock=32M)
....................     //#use delay(internal=32MHz)
.................... 
....................     //directivas
....................     //!#use rs232(baud=9600,parity=N,stop=1,bits=8, UART1)// ,STREAM=SERIAL) 
....................     #use     rs232(baud=9600,parity=N,xmit=PIN_C6,rcv=PIN_C7,bits=8)
*
0009:  BCF    13.6
000A:  BCF    18.6
000B:  MOVLW  08
000C:  MOVWF  78
000D:  GOTO   00E
000E:  NOP
000F:  BSF    78.7
0010:  GOTO   02A
0011:  BCF    78.7
0012:  RRF    25,F
0013:  MOVLB  02
0014:  BTFSS  03.0
0015:  GOTO   019
0016:  MOVLB  00
0017:  BSF    18.6
0018:  MOVLB  02
0019:  BTFSC  03.0
001A:  GOTO   01E
001B:  MOVLB  00
001C:  BCF    18.6
001D:  MOVLB  02
001E:  BSF    78.6
001F:  GOTO   02B
0020:  BCF    78.6
0021:  DECFSZ 78,F
0022:  GOTO   024
0023:  GOTO   026
0024:  MOVLB  00
0025:  GOTO   012
0026:  GOTO   027
0027:  NOP
0028:  MOVLB  00
0029:  BSF    18.6
002A:  MOVLB  02
002B:  MOVLW  01
002C:  MOVWF  77
002D:  CLRF   04
002E:  DECFSZ 04,F
002F:  GOTO   02E
0030:  DECFSZ 77,F
0031:  GOTO   02D
0032:  MOVLW  0D
0033:  MOVWF  04
0034:  DECFSZ 04,F
0035:  GOTO   034
0036:  GOTO   037
0037:  BTFSS  78.7
0038:  GOTO   03B
0039:  MOVLB  00
003A:  GOTO   011
003B:  BTFSC  78.6
003C:  GOTO   020
003D:  MOVLB  00
003E:  RETURN
....................     #use     i2c(Master,slow,sda=PIN_C3,scl=PIN_C4)
....................     //!#define  PCF       112  // Puede ser 112 ó 64 (PCF8574T=64, PCF8574A=112, PCF8574=64)
....................     //!#include "LCD_i2c.c"
.................... 
.................... 
....................     #define  TC_CLK    PIN_B6   //SCK B6
....................     #define  TC_CS     PIN_B7   //CS B7
....................     #define  TC_DATA   PIN_B5   //SO B5
....................     //#include "MAX6675_Y.c"
....................     //#include "max6675.c"
.................... 
....................     //////////////////////////////Salidas
....................     #define triac        PIN_A0   //resistencia
....................     #define rele         PIN_A1   //Selenoide
....................     #define ventilador   PIN_A2   //Ventilador
....................     #define buzzer       PIN_A3   //buzer
.................... 
....................     //////////////////////////////Salidas LATS
....................     #define triacl       LATA.LATA0   //resistencia
....................     #define relel        LATA.LATA1   //Selenoide
....................     #define ventiladorl  LATA.LATA2   //Ventilador
....................     #define buzzerl      LATA.LATA3   //buzer
.................... 
....................     //////////////////////////////Entradas
....................     #define cruce        PIN_B0      //in
....................     #define anular       PIN_B1
....................     #define selector     PIN_B2
....................     #define sube         PIN_B3
....................     #define baja         PIN_B4
....................     //////////////////////////////Entradas PORT
....................     /*#define crucep       PORTB.RB0   //in
....................     #define anularp      PORTB.RB1
....................     #define selectorp    PORTB.RB2
....................     #define subep        PORTB.RB3
....................     #define bajap        PORTB.RB4
.................... */
.................... 
....................        #define LCD_DB4   PIN_C0
....................        #define LCD_DB5   PIN_C1 
....................        #define LCD_DB6   PIN_C2 
....................        #define LCD_DB7   PIN_C3 
....................        #define LCD_RS    PIN_A4 
....................        #define LCD_E     PIN_A5
....................        //#include "lcd20x4.c"
.................... 
....................     //!   #define LCD_ENABLE_PIN  PIN_A5                                    ////
....................     //!   #define LCD_RS_PIN      PIN_A4                                    ////
....................     //!   //#define LCD_RW_PIN      PIN_A6    //NO usar                       ////
....................     //!   #define LCD_DATA4       PIN_C0                                    ////
....................     //!   #define LCD_DATA5       PIN_C1                                    ////
....................     //!   #define LCD_DATA6       PIN_C2                                    ////
....................     //!   #define LCD_DATA7       PIN_C3
....................     //!   #include "lcd.c"
.................... 
.................... 
.................... 
.................... 
.................... #ifdef	__cplusplus
.................... }
.................... #endif
.................... 
.................... #endif	/* MAIN_H */
.................... 
.................... 
.................... 
.................... void main(void) {
*
008A:  BCF    13.6
008B:  BSF    18.6
008C:  CLRF   21
008D:  CLRF   20
008E:  MOVLB  1E
008F:  CLRF   38
0090:  CLRF   43
0091:  CLRF   4E
0092:  MOVLB  13
0093:  CLRF   11
0094:  CLRF   12
0095:  CLRF   13
0096:  CLRF   10
0097:  CLRF   15
0098:  CLRF   16
0099:  CLRF   17
009A:  CLRF   14
....................     
....................     
....................     
....................     printf("hola mundo\n");
009B:  MOVLW  03
009C:  MOVLB  10
009D:  MOVWF  1A
009E:  MOVLW  00
009F:  MOVWF  1B
00A0:  MOVLB  00
00A1:  GOTO   03F
....................     return;
.................... }
00A2:  SLEEP

Configuration Fuses:
   Word  1: 178C   NOEXTOSC RSTOSC_HFINTRC_32MHZ NOCLKOUT NOCKS NOFCMEN
   Word  2: 273D   MCLR PUT NOLPBOR NOBROWNOUT BORV24 ZCDDIS NOPPS1WAY NOSTVREN NODEBUG
   Word  3: 069F   WDTSW NOWDT WDTWIN_100% WDTCLK_LFINTRC
   Word  4: 0FFF   NOWRT NOSCANE NOLVP
   Word  5: 3FFF   NOPROTECT NOCPD
