
ROM used:   163/8192 (2%)
            163/8192 (2%) including unused fragments

            0.1 Average locations per line
            81.5 Average locations per statement

RAM used:   7/1024 (1%) at main() level
            22/1024 (2%) worst case

Stack used: 0 worst case (0 in main + 0 for interrupts)
Stack size: 16

Lines Stmts  %   Files
----- ----- ---  -----
   16     2 100  main.c
   97     0   0  main.h
 2190     0   0  C:\Program Files (x86)\PICC_5.105\devices\16LF18855.h
----- -----
 2303     2 Total

Page ROM  %  RAM    Vol Diff  Functions:
---- --- --- ---    --- ----  ----------
0     54  33    1             @PUTCHAR_1_
0     25  15    0     29  1.2  main
0      6   4    0             @const1007
0     75  46    3             @PSTRINGC7_994
 Inline         0             @cinit1

Program metrics:
    Functions               1
    Statements              2
    Comments                398
    Volume (V)              33
    Difficulty (D)          0.7
    Effort to implement (E) 22
    Time to implement (T)   0 minutes
    Est Delivered Bugs (B)  0
    Cyclomatic Complexity   1
    Maintainability (MI)    117

 Segment     Used  Free
-----------  ----  ----
00000-00002     3  0  
00003-007FF   160  1885  
00800-00FFF     0  2048  
01000-017FF     0  2048  
01800-01FFF     0  2048  



