

Microchip MPLAB XC8 Assembler V2.32 build 20210201212658 
                                                                                               Fri May 21 22:31:58 2021

Microchip MPLAB XC8 C Compiler v2.32 (Free license) build 20210201212658 Og1 
     1                           	processor	16LF18855
     2                           	pagewidth 120
     3                           	opt	flic
     4                           	psect	cinit,global,class=CODE,merge=1,delta=2
     5                           	psect	cstackCOMMON,global,class=COMMON,space=1,delta=1,noexec
     6                           	psect	maintext,global,class=CODE,merge=1,split=1,delta=2
     7                           	psect	config,global,abs,ovrld,class=CONFIG,space=4,delta=2,noexec
     8                           	dabs	1,0x7E,2
     9  0000                     
    10                           ; Version 2.30
    11                           ; Generated 15/09/2020 GMT
    12                           ; 
    13                           ; Copyright © 2020, Microchip Technology Inc. and its subsidiaries ("Microchip")
    14                           ; All rights reserved.
    15                           ; 
    16                           ; This software is developed by Microchip Technology Inc. and its subsidiaries ("Microch
      +                          ip").
    17                           ; 
    18                           ; Redistribution and use in source and binary forms, with or without modification, are
    19                           ; permitted provided that the following conditions are met:
    20                           ; 
    21                           ;     1. Redistributions of source code must retain the above copyright notice, this lis
      +                          t of
    22                           ;        conditions and the following disclaimer.
    23                           ; 
    24                           ;     2. Redistributions in binary form must reproduce the above copyright notice, this 
      +                          list
    25                           ;        of conditions and the following disclaimer in the documentation and/or other
    26                           ;        materials provided with the distribution. Publication is not required when
    27                           ;        this file is used in an embedded application.
    28                           ; 
    29                           ;     3. Microchip's name may not be used to endorse or promote products derived from th
      +                          is
    30                           ;        software without specific prior written permission.
    31                           ; 
    32                           ; THIS SOFTWARE IS PROVIDED BY MICROCHIP "AS IS" AND ANY EXPRESS OR IMPLIED WARRANTIES,
    33                           ; INCLUDING, BUT NOT LIMITED TO, THE IMPLIED WARRANTIES OF MERCHANTABILITY AND FITNESS F
      +                          OR
    34                           ; PURPOSE ARE DISCLAIMED.  IN NO EVENT SHALL MICROCHIP BE LIABLE FOR ANY DIRECT, INDIREC
      +                          T,
    35                           ; INCIDENTAL, SPECIAL, EXEMPLARY, OR CONSEQUENTIAL DAMAGES (INCLUDING BUT NOT LIMITED TO
    36                           ; PROCUREMENT OF SUBSTITUTE GOODS OR SERVICES; LOSS OF USE, DATA OR PROFITS; OR BUSINESS
    37                           ; INTERRUPTION) HOWSOEVER CAUSED AND ON ANY THEORY OF LIABILITY, WHETHER IN CONTRACT, ST
      +                          RICT
    38                           ; LIABILITY, OR TORT (INCLUDING NEGLIGENCE OR OTHERWISE) ARISING IN ANY WAY OUT OF THE U
      +                          SE OF
    39                           ; THIS SOFTWARE, EVEN IF ADVISED OF THE POSSIBILITY OF SUCH DAMAGE.
    40                           ; 
    41                           ; 
    42                           ; Code-generator required, PIC16LF18855 Definitions
    43                           ; 
    44                           ; SFR Addresses
    45  0000                     	;# 
    46  0001                     	;# 
    47  0002                     	;# 
    48  0003                     	;# 
    49  0004                     	;# 
    50  0005                     	;# 
    51  0006                     	;# 
    52  0007                     	;# 
    53  0008                     	;# 
    54  0009                     	;# 
    55  000A                     	;# 
    56  000B                     	;# 
    57  000C                     	;# 
    58  000D                     	;# 
    59  000E                     	;# 
    60  0010                     	;# 
    61  0011                     	;# 
    62  0012                     	;# 
    63  0013                     	;# 
    64  0016                     	;# 
    65  0017                     	;# 
    66  0018                     	;# 
    67  001C                     	;# 
    68  001C                     	;# 
    69  001D                     	;# 
    70  001D                     	;# 
    71  001E                     	;# 
    72  001F                     	;# 
    73  008C                     	;# 
    74  008C                     	;# 
    75  008D                     	;# 
    76  008E                     	;# 
    77  008E                     	;# 
    78  008F                     	;# 
    79  0090                     	;# 
    80  0090                     	;# 
    81  0091                     	;# 
    82  0093                     	;# 
    83  0094                     	;# 
    84  0095                     	;# 
    85  0096                     	;# 
    86  0097                     	;# 
    87  0098                     	;# 
    88  0099                     	;# 
    89  009A                     	;# 
    90  009B                     	;# 
    91  009C                     	;# 
    92  009D                     	;# 
    93  009E                     	;# 
    94  010C                     	;# 
    95  010D                     	;# 
    96  010E                     	;# 
    97  010E                     	;# 
    98  010F                     	;# 
    99  0110                     	;# 
   100  0110                     	;# 
   101  0111                     	;# 
   102  0112                     	;# 
   103  0112                     	;# 
   104  0113                     	;# 
   105  0114                     	;# 
   106  0114                     	;# 
   107  0115                     	;# 
   108  0116                     	;# 
   109  0116                     	;# 
   110  0117                     	;# 
   111  0119                     	;# 
   112  0119                     	;# 
   113  0119                     	;# 
   114  011A                     	;# 
   115  011A                     	;# 
   116  011A                     	;# 
   117  011B                     	;# 
   118  011B                     	;# 
   119  011B                     	;# 
   120  011B                     	;# 
   121  011B                     	;# 
   122  011C                     	;# 
   123  011C                     	;# 
   124  011C                     	;# 
   125  011D                     	;# 
   126  011D                     	;# 
   127  011D                     	;# 
   128  011E                     	;# 
   129  011E                     	;# 
   130  011E                     	;# 
   131  011F                     	;# 
   132  011F                     	;# 
   133  011F                     	;# 
   134  011F                     	;# 
   135  011F                     	;# 
   136  018C                     	;# 
   137  018D                     	;# 
   138  018E                     	;# 
   139  018F                     	;# 
   140  0190                     	;# 
   141  0191                     	;# 
   142  0192                     	;# 
   143  0196                     	;# 
   144  0197                     	;# 
   145  0198                     	;# 
   146  0199                     	;# 
   147  019A                     	;# 
   148  019B                     	;# 
   149  019C                     	;# 
   150  020C                     	;# 
   151  020C                     	;# 
   152  020D                     	;# 
   153  020E                     	;# 
   154  020F                     	;# 
   155  020F                     	;# 
   156  0210                     	;# 
   157  0210                     	;# 
   158  0211                     	;# 
   159  0211                     	;# 
   160  0212                     	;# 
   161  0212                     	;# 
   162  0213                     	;# 
   163  0214                     	;# 
   164  0215                     	;# 
   165  0215                     	;# 
   166  0216                     	;# 
   167  0216                     	;# 
   168  0217                     	;# 
   169  0217                     	;# 
   170  0218                     	;# 
   171  0218                     	;# 
   172  0219                     	;# 
   173  021A                     	;# 
   174  021B                     	;# 
   175  021B                     	;# 
   176  021C                     	;# 
   177  021C                     	;# 
   178  021D                     	;# 
   179  021D                     	;# 
   180  021E                     	;# 
   181  021F                     	;# 
   182  028C                     	;# 
   183  028C                     	;# 
   184  028D                     	;# 
   185  028D                     	;# 
   186  028E                     	;# 
   187  028F                     	;# 
   188  0290                     	;# 
   189  0290                     	;# 
   190  0291                     	;# 
   191  0292                     	;# 
   192  0292                     	;# 
   193  0293                     	;# 
   194  0293                     	;# 
   195  0294                     	;# 
   196  0295                     	;# 
   197  0296                     	;# 
   198  0296                     	;# 
   199  0297                     	;# 
   200  0298                     	;# 
   201  0298                     	;# 
   202  0299                     	;# 
   203  0299                     	;# 
   204  029A                     	;# 
   205  029B                     	;# 
   206  029C                     	;# 
   207  029C                     	;# 
   208  029D                     	;# 
   209  030C                     	;# 
   210  030C                     	;# 
   211  030D                     	;# 
   212  030E                     	;# 
   213  030F                     	;# 
   214  0310                     	;# 
   215  0310                     	;# 
   216  0311                     	;# 
   217  0312                     	;# 
   218  0313                     	;# 
   219  0314                     	;# 
   220  0314                     	;# 
   221  0315                     	;# 
   222  0316                     	;# 
   223  0317                     	;# 
   224  0318                     	;# 
   225  0318                     	;# 
   226  0319                     	;# 
   227  031A                     	;# 
   228  031B                     	;# 
   229  031C                     	;# 
   230  031C                     	;# 
   231  031D                     	;# 
   232  031E                     	;# 
   233  031F                     	;# 
   234  038C                     	;# 
   235  038C                     	;# 
   236  038D                     	;# 
   237  038E                     	;# 
   238  0390                     	;# 
   239  0390                     	;# 
   240  0391                     	;# 
   241  0392                     	;# 
   242  040C                     	;# 
   243  040D                     	;# 
   244  040E                     	;# 
   245  040F                     	;# 
   246  0410                     	;# 
   247  0411                     	;# 
   248  0416                     	;# 
   249  0416                     	;# 
   250  0417                     	;# 
   251  0418                     	;# 
   252  0418                     	;# 
   253  0419                     	;# 
   254  041A                     	;# 
   255  041A                     	;# 
   256  041B                     	;# 
   257  041C                     	;# 
   258  041C                     	;# 
   259  041D                     	;# 
   260  041E                     	;# 
   261  041F                     	;# 
   262  048C                     	;# 
   263  048C                     	;# 
   264  048D                     	;# 
   265  048E                     	;# 
   266  048F                     	;# 
   267  048F                     	;# 
   268  0490                     	;# 
   269  0491                     	;# 
   270  0492                     	;# 
   271  0492                     	;# 
   272  0493                     	;# 
   273  0494                     	;# 
   274  0495                     	;# 
   275  0495                     	;# 
   276  0496                     	;# 
   277  0497                     	;# 
   278  0498                     	;# 
   279  0499                     	;# 
   280  049A                     	;# 
   281  049B                     	;# 
   282  049C                     	;# 
   283  049D                     	;# 
   284  050C                     	;# 
   285  050C                     	;# 
   286  050D                     	;# 
   287  050E                     	;# 
   288  050F                     	;# 
   289  050F                     	;# 
   290  0510                     	;# 
   291  0511                     	;# 
   292  0512                     	;# 
   293  0512                     	;# 
   294  0513                     	;# 
   295  0514                     	;# 
   296  0515                     	;# 
   297  0515                     	;# 
   298  0516                     	;# 
   299  0517                     	;# 
   300  0518                     	;# 
   301  0519                     	;# 
   302  051A                     	;# 
   303  051B                     	;# 
   304  051C                     	;# 
   305  051D                     	;# 
   306  058C                     	;# 
   307  058C                     	;# 
   308  058D                     	;# 
   309  058E                     	;# 
   310  058F                     	;# 
   311  058F                     	;# 
   312  0590                     	;# 
   313  0591                     	;# 
   314  0592                     	;# 
   315  0593                     	;# 
   316  060C                     	;# 
   317  060D                     	;# 
   318  060E                     	;# 
   319  060F                     	;# 
   320  0610                     	;# 
   321  0611                     	;# 
   322  0612                     	;# 
   323  0613                     	;# 
   324  0614                     	;# 
   325  0616                     	;# 
   326  0617                     	;# 
   327  0618                     	;# 
   328  0619                     	;# 
   329  061A                     	;# 
   330  061B                     	;# 
   331  061C                     	;# 
   332  061D                     	;# 
   333  061E                     	;# 
   334  068C                     	;# 
   335  068D                     	;# 
   336  068E                     	;# 
   337  068F                     	;# 
   338  0690                     	;# 
   339  0691                     	;# 
   340  0692                     	;# 
   341  0693                     	;# 
   342  0694                     	;# 
   343  070C                     	;# 
   344  070D                     	;# 
   345  070E                     	;# 
   346  070F                     	;# 
   347  0710                     	;# 
   348  0711                     	;# 
   349  0712                     	;# 
   350  0713                     	;# 
   351  0714                     	;# 
   352  0716                     	;# 
   353  0717                     	;# 
   354  0718                     	;# 
   355  0719                     	;# 
   356  071A                     	;# 
   357  071B                     	;# 
   358  071C                     	;# 
   359  071D                     	;# 
   360  071E                     	;# 
   361  0796                     	;# 
   362  0797                     	;# 
   363  0798                     	;# 
   364  0799                     	;# 
   365  079A                     	;# 
   366  079B                     	;# 
   367  080C                     	;# 
   368  080D                     	;# 
   369  080E                     	;# 
   370  080F                     	;# 
   371  0810                     	;# 
   372  0811                     	;# 
   373  0813                     	;# 
   374  0814                     	;# 
   375  081A                     	;# 
   376  081B                     	;# 
   377  081C                     	;# 
   378  081D                     	;# 
   379  081E                     	;# 
   380  081F                     	;# 
   381  088C                     	;# 
   382  088D                     	;# 
   383  088E                     	;# 
   384  088F                     	;# 
   385  0890                     	;# 
   386  0891                     	;# 
   387  0892                     	;# 
   388  0893                     	;# 
   389  0895                     	;# 
   390  0896                     	;# 
   391  0897                     	;# 
   392  0898                     	;# 
   393  0899                     	;# 
   394  089A                     	;# 
   395  089B                     	;# 
   396  090C                     	;# 
   397  090E                     	;# 
   398  090F                     	;# 
   399  091F                     	;# 
   400  091F                     	;# 
   401  098F                     	;# 
   402  098F                     	;# 
   403  0990                     	;# 
   404  0991                     	;# 
   405  0992                     	;# 
   406  0993                     	;# 
   407  0994                     	;# 
   408  0995                     	;# 
   409  0996                     	;# 
   410  0997                     	;# 
   411  0E0F                     	;# 
   412  0E10                     	;# 
   413  0E11                     	;# 
   414  0E12                     	;# 
   415  0E13                     	;# 
   416  0E14                     	;# 
   417  0E15                     	;# 
   418  0E16                     	;# 
   419  0E17                     	;# 
   420  0E18                     	;# 
   421  0E19                     	;# 
   422  0E1A                     	;# 
   423  0E1B                     	;# 
   424  0E1C                     	;# 
   425  0E1D                     	;# 
   426  0E1E                     	;# 
   427  0E1F                     	;# 
   428  0E20                     	;# 
   429  0E21                     	;# 
   430  0E22                     	;# 
   431  0E23                     	;# 
   432  0E24                     	;# 
   433  0E25                     	;# 
   434  0E26                     	;# 
   435  0E27                     	;# 
   436  0E28                     	;# 
   437  0E29                     	;# 
   438  0E2A                     	;# 
   439  0E2B                     	;# 
   440  0E2C                     	;# 
   441  0E2D                     	;# 
   442  0E2E                     	;# 
   443  0E2F                     	;# 
   444  0E30                     	;# 
   445  0E31                     	;# 
   446  0E32                     	;# 
   447  0E33                     	;# 
   448  0E34                     	;# 
   449  0E35                     	;# 
   450  0E36                     	;# 
   451  0E37                     	;# 
   452  0E8F                     	;# 
   453  0E90                     	;# 
   454  0E91                     	;# 
   455  0E92                     	;# 
   456  0E93                     	;# 
   457  0E94                     	;# 
   458  0E95                     	;# 
   459  0E96                     	;# 
   460  0E97                     	;# 
   461  0E9C                     	;# 
   462  0E9D                     	;# 
   463  0E9E                     	;# 
   464  0EA1                     	;# 
   465  0EA2                     	;# 
   466  0EA3                     	;# 
   467  0EA4                     	;# 
   468  0EA5                     	;# 
   469  0EA9                     	;# 
   470  0EAA                     	;# 
   471  0EAB                     	;# 
   472  0EAC                     	;# 
   473  0EB1                     	;# 
   474  0EB2                     	;# 
   475  0EB3                     	;# 
   476  0EB8                     	;# 
   477  0EB9                     	;# 
   478  0EBA                     	;# 
   479  0EBB                     	;# 
   480  0EBC                     	;# 
   481  0EBD                     	;# 
   482  0EBE                     	;# 
   483  0EC3                     	;# 
   484  0EC5                     	;# 
   485  0EC6                     	;# 
   486  0EC7                     	;# 
   487  0EC8                     	;# 
   488  0EC9                     	;# 
   489  0ECA                     	;# 
   490  0ECB                     	;# 
   491  0ECC                     	;# 
   492  0F10                     	;# 
   493  0F11                     	;# 
   494  0F12                     	;# 
   495  0F13                     	;# 
   496  0F14                     	;# 
   497  0F15                     	;# 
   498  0F16                     	;# 
   499  0F17                     	;# 
   500  0F18                     	;# 
   501  0F19                     	;# 
   502  0F1A                     	;# 
   503  0F1B                     	;# 
   504  0F1C                     	;# 
   505  0F1D                     	;# 
   506  0F1E                     	;# 
   507  0F1F                     	;# 
   508  0F20                     	;# 
   509  0F21                     	;# 
   510  0F22                     	;# 
   511  0F23                     	;# 
   512  0F24                     	;# 
   513  0F25                     	;# 
   514  0F26                     	;# 
   515  0F27                     	;# 
   516  0F38                     	;# 
   517  0F39                     	;# 
   518  0F3A                     	;# 
   519  0F3B                     	;# 
   520  0F3C                     	;# 
   521  0F3D                     	;# 
   522  0F3E                     	;# 
   523  0F3F                     	;# 
   524  0F40                     	;# 
   525  0F41                     	;# 
   526  0F43                     	;# 
   527  0F44                     	;# 
   528  0F45                     	;# 
   529  0F46                     	;# 
   530  0F47                     	;# 
   531  0F48                     	;# 
   532  0F49                     	;# 
   533  0F4A                     	;# 
   534  0F4B                     	;# 
   535  0F4C                     	;# 
   536  0F4E                     	;# 
   537  0F4F                     	;# 
   538  0F50                     	;# 
   539  0F51                     	;# 
   540  0F52                     	;# 
   541  0F53                     	;# 
   542  0F54                     	;# 
   543  0F55                     	;# 
   544  0F56                     	;# 
   545  0F57                     	;# 
   546  0F65                     	;# 
   547  0F68                     	;# 
   548  0F69                     	;# 
   549  0F6A                     	;# 
   550  0F6B                     	;# 
   551  0FE4                     	;# 
   552  0FE5                     	;# 
   553  0FE6                     	;# 
   554  0FE7                     	;# 
   555  0FE8                     	;# 
   556  0FE9                     	;# 
   557  0FEA                     	;# 
   558  0FEB                     	;# 
   559  0FED                     	;# 
   560  0FEE                     	;# 
   561  0FEF                     	;# 
   562  0000                     	;# 
   563  0001                     	;# 
   564  0002                     	;# 
   565  0003                     	;# 
   566  0004                     	;# 
   567  0005                     	;# 
   568  0006                     	;# 
   569  0007                     	;# 
   570  0008                     	;# 
   571  0009                     	;# 
   572  000A                     	;# 
   573  000B                     	;# 
   574  000C                     	;# 
   575  000D                     	;# 
   576  000E                     	;# 
   577  0010                     	;# 
   578  0011                     	;# 
   579  0012                     	;# 
   580  0013                     	;# 
   581  0016                     	;# 
   582  0017                     	;# 
   583  0018                     	;# 
   584  001C                     	;# 
   585  001C                     	;# 
   586  001D                     	;# 
   587  001D                     	;# 
   588  001E                     	;# 
   589  001F                     	;# 
   590  008C                     	;# 
   591  008C                     	;# 
   592  008D                     	;# 
   593  008E                     	;# 
   594  008E                     	;# 
   595  008F                     	;# 
   596  0090                     	;# 
   597  0090                     	;# 
   598  0091                     	;# 
   599  0093                     	;# 
   600  0094                     	;# 
   601  0095                     	;# 
   602  0096                     	;# 
   603  0097                     	;# 
   604  0098                     	;# 
   605  0099                     	;# 
   606  009A                     	;# 
   607  009B                     	;# 
   608  009C                     	;# 
   609  009D                     	;# 
   610  009E                     	;# 
   611  010C                     	;# 
   612  010D                     	;# 
   613  010E                     	;# 
   614  010E                     	;# 
   615  010F                     	;# 
   616  0110                     	;# 
   617  0110                     	;# 
   618  0111                     	;# 
   619  0112                     	;# 
   620  0112                     	;# 
   621  0113                     	;# 
   622  0114                     	;# 
   623  0114                     	;# 
   624  0115                     	;# 
   625  0116                     	;# 
   626  0116                     	;# 
   627  0117                     	;# 
   628  0119                     	;# 
   629  0119                     	;# 
   630  0119                     	;# 
   631  011A                     	;# 
   632  011A                     	;# 
   633  011A                     	;# 
   634  011B                     	;# 
   635  011B                     	;# 
   636  011B                     	;# 
   637  011B                     	;# 
   638  011B                     	;# 
   639  011C                     	;# 
   640  011C                     	;# 
   641  011C                     	;# 
   642  011D                     	;# 
   643  011D                     	;# 
   644  011D                     	;# 
   645  011E                     	;# 
   646  011E                     	;# 
   647  011E                     	;# 
   648  011F                     	;# 
   649  011F                     	;# 
   650  011F                     	;# 
   651  011F                     	;# 
   652  011F                     	;# 
   653  018C                     	;# 
   654  018D                     	;# 
   655  018E                     	;# 
   656  018F                     	;# 
   657  0190                     	;# 
   658  0191                     	;# 
   659  0192                     	;# 
   660  0196                     	;# 
   661  0197                     	;# 
   662  0198                     	;# 
   663  0199                     	;# 
   664  019A                     	;# 
   665  019B                     	;# 
   666  019C                     	;# 
   667  020C                     	;# 
   668  020C                     	;# 
   669  020D                     	;# 
   670  020E                     	;# 
   671  020F                     	;# 
   672  020F                     	;# 
   673  0210                     	;# 
   674  0210                     	;# 
   675  0211                     	;# 
   676  0211                     	;# 
   677  0212                     	;# 
   678  0212                     	;# 
   679  0213                     	;# 
   680  0214                     	;# 
   681  0215                     	;# 
   682  0215                     	;# 
   683  0216                     	;# 
   684  0216                     	;# 
   685  0217                     	;# 
   686  0217                     	;# 
   687  0218                     	;# 
   688  0218                     	;# 
   689  0219                     	;# 
   690  021A                     	;# 
   691  021B                     	;# 
   692  021B                     	;# 
   693  021C                     	;# 
   694  021C                     	;# 
   695  021D                     	;# 
   696  021D                     	;# 
   697  021E                     	;# 
   698  021F                     	;# 
   699  028C                     	;# 
   700  028C                     	;# 
   701  028D                     	;# 
   702  028D                     	;# 
   703  028E                     	;# 
   704  028F                     	;# 
   705  0290                     	;# 
   706  0290                     	;# 
   707  0291                     	;# 
   708  0292                     	;# 
   709  0292                     	;# 
   710  0293                     	;# 
   711  0293                     	;# 
   712  0294                     	;# 
   713  0295                     	;# 
   714  0296                     	;# 
   715  0296                     	;# 
   716  0297                     	;# 
   717  0298                     	;# 
   718  0298                     	;# 
   719  0299                     	;# 
   720  0299                     	;# 
   721  029A                     	;# 
   722  029B                     	;# 
   723  029C                     	;# 
   724  029C                     	;# 
   725  029D                     	;# 
   726  030C                     	;# 
   727  030C                     	;# 
   728  030D                     	;# 
   729  030E                     	;# 
   730  030F                     	;# 
   731  0310                     	;# 
   732  0310                     	;# 
   733  0311                     	;# 
   734  0312                     	;# 
   735  0313                     	;# 
   736  0314                     	;# 
   737  0314                     	;# 
   738  0315                     	;# 
   739  0316                     	;# 
   740  0317                     	;# 
   741  0318                     	;# 
   742  0318                     	;# 
   743  0319                     	;# 
   744  031A                     	;# 
   745  031B                     	;# 
   746  031C                     	;# 
   747  031C                     	;# 
   748  031D                     	;# 
   749  031E                     	;# 
   750  031F                     	;# 
   751  038C                     	;# 
   752  038C                     	;# 
   753  038D                     	;# 
   754  038E                     	;# 
   755  0390                     	;# 
   756  0390                     	;# 
   757  0391                     	;# 
   758  0392                     	;# 
   759  040C                     	;# 
   760  040D                     	;# 
   761  040E                     	;# 
   762  040F                     	;# 
   763  0410                     	;# 
   764  0411                     	;# 
   765  0416                     	;# 
   766  0416                     	;# 
   767  0417                     	;# 
   768  0418                     	;# 
   769  0418                     	;# 
   770  0419                     	;# 
   771  041A                     	;# 
   772  041A                     	;# 
   773  041B                     	;# 
   774  041C                     	;# 
   775  041C                     	;# 
   776  041D                     	;# 
   777  041E                     	;# 
   778  041F                     	;# 
   779  048C                     	;# 
   780  048C                     	;# 
   781  048D                     	;# 
   782  048E                     	;# 
   783  048F                     	;# 
   784  048F                     	;# 
   785  0490                     	;# 
   786  0491                     	;# 
   787  0492                     	;# 
   788  0492                     	;# 
   789  0493                     	;# 
   790  0494                     	;# 
   791  0495                     	;# 
   792  0495                     	;# 
   793  0496                     	;# 
   794  0497                     	;# 
   795  0498                     	;# 
   796  0499                     	;# 
   797  049A                     	;# 
   798  049B                     	;# 
   799  049C                     	;# 
   800  049D                     	;# 
   801  050C                     	;# 
   802  050C                     	;# 
   803  050D                     	;# 
   804  050E                     	;# 
   805  050F                     	;# 
   806  050F                     	;# 
   807  0510                     	;# 
   808  0511                     	;# 
   809  0512                     	;# 
   810  0512                     	;# 
   811  0513                     	;# 
   812  0514                     	;# 
   813  0515                     	;# 
   814  0515                     	;# 
   815  0516                     	;# 
   816  0517                     	;# 
   817  0518                     	;# 
   818  0519                     	;# 
   819  051A                     	;# 
   820  051B                     	;# 
   821  051C                     	;# 
   822  051D                     	;# 
   823  058C                     	;# 
   824  058C                     	;# 
   825  058D                     	;# 
   826  058E                     	;# 
   827  058F                     	;# 
   828  058F                     	;# 
   829  0590                     	;# 
   830  0591                     	;# 
   831  0592                     	;# 
   832  0593                     	;# 
   833  060C                     	;# 
   834  060D                     	;# 
   835  060E                     	;# 
   836  060F                     	;# 
   837  0610                     	;# 
   838  0611                     	;# 
   839  0612                     	;# 
   840  0613                     	;# 
   841  0614                     	;# 
   842  0616                     	;# 
   843  0617                     	;# 
   844  0618                     	;# 
   845  0619                     	;# 
   846  061A                     	;# 
   847  061B                     	;# 
   848  061C                     	;# 
   849  061D                     	;# 
   850  061E                     	;# 
   851  068C                     	;# 
   852  068D                     	;# 
   853  068E                     	;# 
   854  068F                     	;# 
   855  0690                     	;# 
   856  0691                     	;# 
   857  0692                     	;# 
   858  0693                     	;# 
   859  0694                     	;# 
   860  070C                     	;# 
   861  070D                     	;# 
   862  070E                     	;# 
   863  070F                     	;# 
   864  0710                     	;# 
   865  0711                     	;# 
   866  0712                     	;# 
   867  0713                     	;# 
   868  0714                     	;# 
   869  0716                     	;# 
   870  0717                     	;# 
   871  0718                     	;# 
   872  0719                     	;# 
   873  071A                     	;# 
   874  071B                     	;# 
   875  071C                     	;# 
   876  071D                     	;# 
   877  071E                     	;# 
   878  0796                     	;# 
   879  0797                     	;# 
   880  0798                     	;# 
   881  0799                     	;# 
   882  079A                     	;# 
   883  079B                     	;# 
   884  080C                     	;# 
   885  080D                     	;# 
   886  080E                     	;# 
   887  080F                     	;# 
   888  0810                     	;# 
   889  0811                     	;# 
   890  0813                     	;# 
   891  0814                     	;# 
   892  081A                     	;# 
   893  081B                     	;# 
   894  081C                     	;# 
   895  081D                     	;# 
   896  081E                     	;# 
   897  081F                     	;# 
   898  088C                     	;# 
   899  088D                     	;# 
   900  088E                     	;# 
   901  088F                     	;# 
   902  0890                     	;# 
   903  0891                     	;# 
   904  0892                     	;# 
   905  0893                     	;# 
   906  0895                     	;# 
   907  0896                     	;# 
   908  0897                     	;# 
   909  0898                     	;# 
   910  0899                     	;# 
   911  089A                     	;# 
   912  089B                     	;# 
   913  090C                     	;# 
   914  090E                     	;# 
   915  090F                     	;# 
   916  091F                     	;# 
   917  091F                     	;# 
   918  098F                     	;# 
   919  098F                     	;# 
   920  0990                     	;# 
   921  0991                     	;# 
   922  0992                     	;# 
   923  0993                     	;# 
   924  0994                     	;# 
   925  0995                     	;# 
   926  0996                     	;# 
   927  0997                     	;# 
   928  0E0F                     	;# 
   929  0E10                     	;# 
   930  0E11                     	;# 
   931  0E12                     	;# 
   932  0E13                     	;# 
   933  0E14                     	;# 
   934  0E15                     	;# 
   935  0E16                     	;# 
   936  0E17                     	;# 
   937  0E18                     	;# 
   938  0E19                     	;# 
   939  0E1A                     	;# 
   940  0E1B                     	;# 
   941  0E1C                     	;# 
   942  0E1D                     	;# 
   943  0E1E                     	;# 
   944  0E1F                     	;# 
   945  0E20                     	;# 
   946  0E21                     	;# 
   947  0E22                     	;# 
   948  0E23                     	;# 
   949  0E24                     	;# 
   950  0E25                     	;# 
   951  0E26                     	;# 
   952  0E27                     	;# 
   953  0E28                     	;# 
   954  0E29                     	;# 
   955  0E2A                     	;# 
   956  0E2B                     	;# 
   957  0E2C                     	;# 
   958  0E2D                     	;# 
   959  0E2E                     	;# 
   960  0E2F                     	;# 
   961  0E30                     	;# 
   962  0E31                     	;# 
   963  0E32                     	;# 
   964  0E33                     	;# 
   965  0E34                     	;# 
   966  0E35                     	;# 
   967  0E36                     	;# 
   968  0E37                     	;# 
   969  0E8F                     	;# 
   970  0E90                     	;# 
   971  0E91                     	;# 
   972  0E92                     	;# 
   973  0E93                     	;# 
   974  0E94                     	;# 
   975  0E95                     	;# 
   976  0E96                     	;# 
   977  0E97                     	;# 
   978  0E9C                     	;# 
   979  0E9D                     	;# 
   980  0E9E                     	;# 
   981  0EA1                     	;# 
   982  0EA2                     	;# 
   983  0EA3                     	;# 
   984  0EA4                     	;# 
   985  0EA5                     	;# 
   986  0EA9                     	;# 
   987  0EAA                     	;# 
   988  0EAB                     	;# 
   989  0EAC                     	;# 
   990  0EB1                     	;# 
   991  0EB2                     	;# 
   992  0EB3                     	;# 
   993  0EB8                     	;# 
   994  0EB9                     	;# 
   995  0EBA                     	;# 
   996  0EBB                     	;# 
   997  0EBC                     	;# 
   998  0EBD                     	;# 
   999  0EBE                     	;# 
  1000  0EC3                     	;# 
  1001  0EC5                     	;# 
  1002  0EC6                     	;# 
  1003  0EC7                     	;# 
  1004  0EC8                     	;# 
  1005  0EC9                     	;# 
  1006  0ECA                     	;# 
  1007  0ECB                     	;# 
  1008  0ECC                     	;# 
  1009  0F10                     	;# 
  1010  0F11                     	;# 
  1011  0F12                     	;# 
  1012  0F13                     	;# 
  1013  0F14                     	;# 
  1014  0F15                     	;# 
  1015  0F16                     	;# 
  1016  0F17                     	;# 
  1017  0F18                     	;# 
  1018  0F19                     	;# 
  1019  0F1A                     	;# 
  1020  0F1B                     	;# 
  1021  0F1C                     	;# 
  1022  0F1D                     	;# 
  1023  0F1E                     	;# 
  1024  0F1F                     	;# 
  1025  0F20                     	;# 
  1026  0F21                     	;# 
  1027  0F22                     	;# 
  1028  0F23                     	;# 
  1029  0F24                     	;# 
  1030  0F25                     	;# 
  1031  0F26                     	;# 
  1032  0F27                     	;# 
  1033  0F38                     	;# 
  1034  0F39                     	;# 
  1035  0F3A                     	;# 
  1036  0F3B                     	;# 
  1037  0F3C                     	;# 
  1038  0F3D                     	;# 
  1039  0F3E                     	;# 
  1040  0F3F                     	;# 
  1041  0F40                     	;# 
  1042  0F41                     	;# 
  1043  0F43                     	;# 
  1044  0F44                     	;# 
  1045  0F45                     	;# 
  1046  0F46                     	;# 
  1047  0F47                     	;# 
  1048  0F48                     	;# 
  1049  0F49                     	;# 
  1050  0F4A                     	;# 
  1051  0F4B                     	;# 
  1052  0F4C                     	;# 
  1053  0F4E                     	;# 
  1054  0F4F                     	;# 
  1055  0F50                     	;# 
  1056  0F51                     	;# 
  1057  0F52                     	;# 
  1058  0F53                     	;# 
  1059  0F54                     	;# 
  1060  0F55                     	;# 
  1061  0F56                     	;# 
  1062  0F57                     	;# 
  1063  0F65                     	;# 
  1064  0F68                     	;# 
  1065  0F69                     	;# 
  1066  0F6A                     	;# 
  1067  0F6B                     	;# 
  1068  0FE4                     	;# 
  1069  0FE5                     	;# 
  1070  0FE6                     	;# 
  1071  0FE7                     	;# 
  1072  0FE8                     	;# 
  1073  0FE9                     	;# 
  1074  0FEA                     	;# 
  1075  0FEB                     	;# 
  1076  0FED                     	;# 
  1077  0FEE                     	;# 
  1078  0FEF                     	;# 
  1079  0017                     _LATBbits	set	23
  1080  0016                     _LATAbits	set	22
  1081  0012                     _TRISB	set	18
  1082  000D                     _PORTB	set	13
  1083  0017                     _LATB	set	23
  1084  0011                     _TRISA	set	17
  1085  000C                     _PORTA	set	12
  1086  0016                     _LATA	set	22
  1087                           
  1088                           	psect	cinit
  1089  07FD                     start_initialization:	
  1090                           ; #config settings
  1091                           
  1092  07FD                     __initialization:
  1093  07FD                     end_of_initialization:	
  1094                           ;End of C runtime variable initialization code
  1095                           
  1096  07FD                     __end_of__initialization:
  1097  07FD  0020               	movlb	0
  1098  07FE  3187  2FCF         	ljmp	_main	;jump to C main() function
  1099                           
  1100                           	psect	cstackCOMMON
  1101  0070                     __pcstackCOMMON:
  1102  0070                     ?_main:
  1103  0070                     ??_main:	
  1104                           ; 1 bytes @ 0x0
  1105                           
  1106                           
  1107                           ; 1 bytes @ 0x0
  1108  0070                     	ds	2
  1109                           
  1110                           	psect	maintext
  1111  07CF                     __pmaintext:	
  1112 ;;
  1113 ;;Main: autosize = 0, tempsize = 2, incstack = 0, save=0
  1114 ;;
  1115 ;; *************** function _main *****************
  1116 ;; Defined at:
  1117 ;;		line 46 in file "Main.c"
  1118 ;; Parameters:    Size  Location     Type
  1119 ;;		None
  1120 ;; Auto vars:     Size  Location     Type
  1121 ;;		None
  1122 ;; Return value:  Size  Location     Type
  1123 ;;                  1    wreg      void 
  1124 ;; Registers used:
  1125 ;;		wreg, status,2, status,0
  1126 ;; Tracked objects:
  1127 ;;		On entry : B1F/0
  1128 ;;		On exit  : 0/0
  1129 ;;		Unchanged: 0/0
  1130 ;; Data sizes:     COMMON   BANK0   BANK1   BANK2   BANK3   BANK4   BANK5   BANK6   BANK7   BANK8   BANK9  BANK10  BANK1
      +1  BANK12
  1131 ;;      Params:         0       0       0       0       0       0       0       0       0       0       0       0       
      +0       0
  1132 ;;      Locals:         0       0       0       0       0       0       0       0       0       0       0       0       
      +0       0
  1133 ;;      Temps:          2       0       0       0       0       0       0       0       0       0       0       0       
      +0       0
  1134 ;;      Totals:         2       0       0       0       0       0       0       0       0       0       0       0       
      +0       0
  1135 ;;Total ram usage:        2 bytes
  1136 ;; This function calls:
  1137 ;;		Nothing
  1138 ;; This function is called by:
  1139 ;;		Startup code after reset
  1140 ;; This function uses a non-reentrant model
  1141 ;;
  1142                           
  1143                           
  1144                           ;psect for function _main
  1145  07CF                     _main:
  1146  07CF                     l636:	
  1147                           ;incstack = 0
  1148                           ; Regs used in _main: [wreg+status,2+status,0]
  1149                           
  1150                           
  1151                           ;Main.c: 47:     LATA = 0;
  1152  07CF  0020               	movlb	0	; select bank0
  1153  07D0  0196               	clrf	22	;volatile
  1154                           
  1155                           ;Main.c: 48:     PORTA = 0;
  1156  07D1  018C               	clrf	12	;volatile
  1157                           
  1158                           ;Main.c: 49:     TRISA = 0;
  1159  07D2  0191               	clrf	17	;volatile
  1160                           
  1161                           ;Main.c: 51:     LATB = 0;
  1162  07D3  0197               	clrf	23	;volatile
  1163                           
  1164                           ;Main.c: 52:     PORTB = 0;
  1165  07D4  018D               	clrf	13	;volatile
  1166                           
  1167                           ;Main.c: 53:     TRISB = 0;
  1168  07D5  0192               	clrf	18	;volatile
  1169  07D6                     l638:
  1170                           
  1171                           ;Main.c: 55:     LATAbits.LATA0 = 1;
  1172  07D6  1416               	bsf	22,0	;volatile
  1173  07D7                     l640:
  1174                           
  1175                           ;Main.c: 56:     _delay((unsigned long)((500)*(32000000/4000.0)));
  1176  07D7  3015               	movlw	21
  1177  07D8  00F1               	movwf	??_main+1
  1178  07D9  304B               	movlw	75
  1179  07DA  00F0               	movwf	??_main
  1180  07DB  30BE               	movlw	190
  1181  07DC                     u57:
  1182  07DC  0B89               	decfsz	9,f
  1183  07DD  2FDC               	goto	u57
  1184  07DE  0BF0               	decfsz	??_main,f
  1185  07DF  2FDC               	goto	u57
  1186  07E0  0BF1               	decfsz	??_main+1,f
  1187  07E1  2FDC               	goto	u57
  1188  07E2  3200               	nop2
  1189  07E3                     l642:
  1190                           
  1191                           ;Main.c: 59:         LATAbits.LATA0 = !LATAbits.LATA0;
  1192  07E3  1003               	clrc
  1193  07E4  0020               	movlb	0	; select bank0
  1194  07E5  1C16               	btfss	22,0	;volatile
  1195  07E6  1403               	setc
  1196  07E7  1803               	btfsc	3,0
  1197  07E8  2FEA               	goto	u11
  1198  07E9  2FED               	goto	u10
  1199  07EA                     u11:
  1200  07EA  0020               	movlb	0	; select bank0
  1201  07EB  1416               	bsf	22,0	;volatile
  1202  07EC  2FEF               	goto	u24
  1203  07ED                     u10:
  1204  07ED  0020               	movlb	0	; select bank0
  1205  07EE  1016               	bcf	22,0	;volatile
  1206  07EF                     u24:
  1207  07EF                     l644:
  1208                           
  1209                           ;Main.c: 60:         LATBbits.LATB0 = !LATBbits.LATB0;
  1210  07EF  1003               	clrc
  1211  07F0  1C17               	btfss	23,0	;volatile
  1212  07F1  1403               	setc
  1213  07F2  1803               	btfsc	3,0
  1214  07F3  2FF5               	goto	u31
  1215  07F4  2FF8               	goto	u30
  1216  07F5                     u31:
  1217  07F5  0020               	movlb	0	; select bank0
  1218  07F6  1417               	bsf	23,0	;volatile
  1219  07F7  2FFA               	goto	u44
  1220  07F8                     u30:
  1221  07F8  0020               	movlb	0	; select bank0
  1222  07F9  1017               	bcf	23,0	;volatile
  1223  07FA                     u44:
  1224  07FA  2FD7               	goto	l640
  1225  07FB  3180  2802         	ljmp	start
  1226  07FD                     __end_of_main:
  1227  007E                     btemp	set	126	;btemp
  1228  007E                     wtemp0	set	126
  1229                           
  1230                           	psect	config
  1231                           
  1232                           ;Config register CONFIG1 @ 0x8007
  1233                           ;	External Oscillator mode selection bits
  1234                           ;	FEXTOSC = OFF, Oscillator not enabled
  1235                           ;	Power-up default value for COSC bits
  1236                           ;	RSTOSC = HFINTPLL, HFINTOSC with 2x PLL, with OSCFRQ = 16 MHz and CDIV = 1:1 (FOSC = 3
      +                          2 MHz)
  1237                           ;	Clock Out Enable bit
  1238                           ;	CLKOUTEN = OFF, CLKOUT function is disabled; i/o or oscillator function on OSC2
  1239                           ;	Clock Switch Enable bit
  1240                           ;	CSWEN = ON, Writing to NOSC and NDIV is allowed
  1241                           ;	Fail-Safe Clock Monitor Enable bit
  1242                           ;	FCMEN = ON, FSCM timer enabled
  1243  8007                     	org	32775
  1244  8007  3F9C               	dw	16284
  1245                           
  1246                           ;Config register CONFIG2 @ 0x8008
  1247                           ;	Master Clear Enable bit
  1248                           ;	MCLRE = ON, MCLR pin is Master Clear function
  1249                           ;	Power-up Timer Enable bit
  1250                           ;	PWRTE = OFF, PWRT disabled
  1251                           ;	Low-Power BOR enable bit
  1252                           ;	LPBOREN = OFF, ULPBOR disabled
  1253                           ;	Brown-out reset enable bits
  1254                           ;	BOREN = ON, Brown-out Reset Enabled, SBOREN bit is ignored
  1255                           ;	Brown-out Reset Voltage Selection
  1256                           ;	BORV = LO, Brown-out Reset Voltage (VBOR) set to 1.9V on LF, and 2.45V on F Devices
  1257                           ;	Zero-cross detect disable
  1258                           ;	ZCD = ON, Zero-cross detect circuit is always enabled
  1259                           ;	Peripheral Pin Select one-way control
  1260                           ;	PPS1WAY = ON, The PPSLOCK bit can be cleared and set only once in software
  1261                           ;	Stack Overflow/Underflow Reset Enable bit
  1262                           ;	STVREN = ON, Stack Overflow or Underflow will cause a reset
  1263                           ;	Background Debugger
  1264                           ;	DEBUG = 0x1, unprogrammed default
  1265  8008                     	org	32776
  1266  8008  3BFF               	dw	15359
  1267                           
  1268                           ;Config register CONFIG3 @ 0x8009
  1269                           ;	WDT Period Select bits
  1270                           ;	WDTCPS = WDTCPS_31, Divider ratio 1:65536; software control of WDTPS
  1271                           ;	WDT operating mode
  1272                           ;	WDTE = OFF, WDT Disabled, SWDTEN is ignored
  1273                           ;	WDT Window Select bits
  1274                           ;	WDTCWS = WDTCWS_7, window always open (100%); software control; keyed access not requi
      +                          red
  1275                           ;	WDT input clock selector
  1276                           ;	WDTCCS = SC, Software Control
  1277  8009                     	org	32777
  1278  8009  3F9F               	dw	16287
  1279                           
  1280                           ;Config register CONFIG4 @ 0x800A
  1281                           ;	UserNVM self-write protection bits
  1282                           ;	WRT = OFF, Write protection off
  1283                           ;	Scanner Enable bit
  1284                           ;	SCANE = available, Scanner module is available for use
  1285                           ;	Low Voltage Programming Enable bit
  1286                           ;	LVP = ON, Low Voltage programming enabled. MCLR/Vpp pin function is MCLR.
  1287  800A                     	org	32778
  1288  800A  3FFF               	dw	16383
  1289                           
  1290                           ;Config register CONFIG5 @ 0x800B
  1291                           ;	UserNVM Program memory code protection bit
  1292                           ;	CP = OFF, Program Memory code protection disabled
  1293                           ;	DataNVM code protection bit
  1294                           ;	CPD = OFF, Data EEPROM code protection disabled
  1295  800B                     	org	32779
  1296  800B  3FFF               	dw	16383

Data Sizes:
    Strings     0
    Constant    0
    Data        0
    BSS         0
    Persistent  32
    Stack       0

Auto Spaces:
    Space          Size  Autos    Used
    COMMON           14      2       2
    BANK0            80      0       0
    BANK1            80      0       0
    BANK2            80      0       0
    BANK3            80      0       0
    BANK4            80      0       0
    BANK5            80      0       0
    BANK6            80      0       0
    BANK7            80      0       0
    BANK8            80      0       0
    BANK9            80      0       0
    BANK10           80      0       0
    BANK11           80      0       0
    BANK12           48      0       0

Pointer List with Targets:

    None.

Critical Paths under _main in COMMON

    None.

Critical Paths under _main in BANK0

    None.

Critical Paths under _main in BANK1

    None.

Critical Paths under _main in BANK2

    None.

Critical Paths under _main in BANK3

    None.

Critical Paths under _main in BANK4

    None.

Critical Paths under _main in BANK5

    None.

Critical Paths under _main in BANK6

    None.

Critical Paths under _main in BANK7

    None.

Critical Paths under _main in BANK8

    None.

Critical Paths under _main in BANK9

    None.

Critical Paths under _main in BANK10

    None.

Critical Paths under _main in BANK11

    None.

Critical Paths under _main in BANK12

    None.

Call Graph Tables:

 ---------------------------------------------------------------------------------
 (Depth) Function   	        Calls       Base Space   Used Autos Params    Refs
 ---------------------------------------------------------------------------------
 (0) _main                                                 2     2      0       0
                                              0 COMMON     2     2      0
 ---------------------------------------------------------------------------------
 Estimated maximum stack depth 0
 ---------------------------------------------------------------------------------

 Call Graph Graphs:

 _main (ROOT)

 Address spaces:
Name               Size   Autos  Total    Cost      Usage
BIGRAM             3F0      0       0       0        0.0%
EEDATA             100      0       0       0        0.0%
NULL                 0      0       0       0        0.0%
CODE                 0      0       0       0        0.0%
BITCOMMON            E      0       0       1        0.0%
BITSFR0              0      0       0       1        0.0%
SFR0                 0      0       0       1        0.0%
COMMON               E      2       2       2       14.3%
BITSFR1              0      0       0       2        0.0%
SFR1                 0      0       0       2        0.0%
BITSFR2              0      0       0       3        0.0%
SFR2                 0      0       0       3        0.0%
STACK                0      0       0       3        0.0%
BITBANK0            50      0       0       4        0.0%
BITSFR3              0      0       0       4        0.0%
SFR3                 0      0       0       4        0.0%
BANK0               50      0       0       5        0.0%
BITSFR4              0      0       0       5        0.0%
SFR4                 0      0       0       5        0.0%
BITBANK1            50      0       0       6        0.0%
BITSFR5              0      0       0       6        0.0%
SFR5                 0      0       0       6        0.0%
BANK1               50      0       0       7        0.0%
BITSFR6              0      0       0       7        0.0%
SFR6                 0      0       0       7        0.0%
BITBANK2            50      0       0       8        0.0%
BITSFR7              0      0       0       8        0.0%
SFR7                 0      0       0       8        0.0%
BANK2               50      0       0       9        0.0%
BITSFR8              0      0       0       9        0.0%
SFR8                 0      0       0       9        0.0%
BITBANK3            50      0       0      10        0.0%
BITSFR9              0      0       0      10        0.0%
SFR9                 0      0       0      10        0.0%
BANK3               50      0       0      11        0.0%
BITSFR10             0      0       0      11        0.0%
SFR10                0      0       0      11        0.0%
BITBANK4            50      0       0      12        0.0%
BITSFR11             0      0       0      12        0.0%
SFR11                0      0       0      12        0.0%
BANK4               50      0       0      13        0.0%
BITSFR12             0      0       0      13        0.0%
SFR12                0      0       0      13        0.0%
BITBANK5            50      0       0      14        0.0%
BITSFR13             0      0       0      14        0.0%
SFR13                0      0       0      14        0.0%
BANK5               50      0       0      15        0.0%
BITSFR14             0      0       0      15        0.0%
SFR14                0      0       0      15        0.0%
BITBANK6            50      0       0      16        0.0%
BITSFR15             0      0       0      16        0.0%
SFR15                0      0       0      16        0.0%
BANK6               50      0       0      17        0.0%
BITSFR16             0      0       0      17        0.0%
SFR16                0      0       0      17        0.0%
BITBANK7            50      0       0      18        0.0%
BITSFR17             0      0       0      18        0.0%
SFR17                0      0       0      18        0.0%
BANK7               50      0       0      19        0.0%
BITSFR18             0      0       0      19        0.0%
SFR18                0      0       0      19        0.0%
BITSFR19             0      0       0      20        0.0%
SFR19                0      0       0      20        0.0%
ABS                  0      0       0      20        0.0%
BITBANK8            50      0       0      21        0.0%
BITSFR20             0      0       0      21        0.0%
SFR20                0      0       0      21        0.0%
BANK8               50      0       0      22        0.0%
BITSFR21             0      0       0      22        0.0%
SFR21                0      0       0      22        0.0%
BITBANK9            50      0       0      23        0.0%
BITSFR22             0      0       0      23        0.0%
SFR22                0      0       0      23        0.0%
BANK9               50      0       0      24        0.0%
BITSFR23             0      0       0      24        0.0%
SFR23                0      0       0      24        0.0%
BITBANK10           50      0       0      25        0.0%
BITSFR24             0      0       0      25        0.0%
SFR24                0      0       0      25        0.0%
BANK10              50      0       0      26        0.0%
BITSFR25             0      0       0      26        0.0%
SFR25                0      0       0      26        0.0%
BITBANK11           50      0       0      27        0.0%
BITSFR26             0      0       0      27        0.0%
SFR26                0      0       0      27        0.0%
BANK11              50      0       0      28        0.0%
BITSFR27             0      0       0      28        0.0%
SFR27                0      0       0      28        0.0%
BITBANK12           30      0       0      29        0.0%
BITSFR28             0      0       0      29        0.0%
SFR28                0      0       0      29        0.0%
BANK12              30      0       0      30        0.0%
BITSFR29             0      0       0      30        0.0%
SFR29                0      0       0      30        0.0%
BITSFR30             0      0       0      31        0.0%
SFR30                0      0       0      31        0.0%
DATA                 0      0       0      31        0.0%
BITSFR31             0      0       0      32        0.0%
SFR31                0      0       0      32        0.0%


Microchip Technology PIC Macro Assembler V2.32 build 20210201212658 
Symbol Table                                                                                   Fri May 21 22:31:58 2021

                     u10 07ED                       u11 07EA                       u30 07F8  
                     u31 07F5                       u24 07EF                       u44 07FA  
                     u57 07DC                      l640 07D7                      l642 07E3  
                    l644 07EF                      l636 07CF                      l638 07D6  
                    wreg 0009                     _LATA 0016                     _LATB 0017  
                   _main 07CF                     btemp 007E                     start 0002  
                  ?_main 0070                    _PORTA 000C                    _PORTB 000D  
                  _TRISA 0011                    _TRISB 0012                    status 0003  
                  wtemp0 007E          __initialization 07FD             __end_of_main 07FD  
                 ??_main 0070  __end_of__initialization 07FD           __pcstackCOMMON 0070  
             __pmaintext 07CF     end_of_initialization 07FD      start_initialization 07FD  
              ___latbits 0002                 _LATAbits 0016                 _LATBbits 0017  
          __size_of_main 002E  
