

Microchip MPLAB XC8 Assembler V2.32 build 20210201212658 
                                                                                               Fri Aug 12 15:05:28 2022

Microchip MPLAB XC8 C Compiler v2.32 (Free license) build 20210201212658 Og1 
     1                           	processor	16F54
     2                           	pagewidth 120
     3                           	opt	flic
     4                           	psect	cinit,global,class=ENTRY,merge=1,delta=2
     5                           	psect	cstackCOMMON,global,class=COMMON,space=1,delta=1,noexec
     6                           	psect	cstackBANK0,global,class=BANK0,space=1,delta=1,noexec
     7                           	psect	maintext,global,class=CODE,split=1,delta=2
     8                           	psect	text1,local,class=CODE,merge=1,delta=2
     9                           	psect	jmp_tab,global,class=ENTRY,delta=2
    10                           	psect	text2,local,class=CODE,merge=1,delta=2
    11                           	psect	idloc,global,abs,ovrld,class=IDLOC,space=5,delta=2,noexec
    12                           	psect	config,global,abs,ovrld,class=CONFIG,space=4,delta=2,noexec
    13                           	dabs	1,0x1C,4
    14  0000                     
    15                           ; Version 2.40
    16                           ; Generated 17/11/2021 GMT
    17                           ; 
    18                           ; Copyright © 2021, Microchip Technology Inc. and its subsidiaries ("Microchip")
    19                           ; All rights reserved.
    20                           ; 
    21                           ; This software is developed by Microchip Technology Inc. and its subsidiaries ("Microch
      +                          ip").
    22                           ; 
    23                           ; Redistribution and use in source and binary forms, with or without modification, are
    24                           ; permitted provided that the following conditions are met:
    25                           ; 
    26                           ;     1. Redistributions of source code must retain the above copyright notice, this lis
      +                          t of
    27                           ;        conditions and the following disclaimer.
    28                           ; 
    29                           ;     2. Redistributions in binary form must reproduce the above copyright notice, this 
      +                          list
    30                           ;        of conditions and the following disclaimer in the documentation and/or other
    31                           ;        materials provided with the distribution. Publication is not required when
    32                           ;        this file is used in an embedded application.
    33                           ; 
    34                           ;     3. Microchip's name may not be used to endorse or promote products derived from th
      +                          is
    35                           ;        software without specific prior written permission.
    36                           ; 
    37                           ; THIS SOFTWARE IS PROVIDED BY MICROCHIP "AS IS" AND ANY EXPRESS OR IMPLIED WARRANTIES,
    38                           ; INCLUDING, BUT NOT LIMITED TO, THE IMPLIED WARRANTIES OF MERCHANTABILITY AND FITNESS F
      +                          OR
    39                           ; PURPOSE ARE DISCLAIMED.  IN NO EVENT SHALL MICROCHIP BE LIABLE FOR ANY DIRECT, INDIREC
      +                          T,
    40                           ; INCIDENTAL, SPECIAL, EXEMPLARY, OR CONSEQUENTIAL DAMAGES (INCLUDING BUT NOT LIMITED TO
    41                           ; PROCUREMENT OF SUBSTITUTE GOODS OR SERVICES; LOSS OF USE, DATA OR PROFITS; OR BUSINESS
    42                           ; INTERRUPTION) HOWSOEVER CAUSED AND ON ANY THEORY OF LIABILITY, WHETHER IN CONTRACT, ST
      +                          RICT
    43                           ; LIABILITY, OR TORT (INCLUDING NEGLIGENCE OR OTHERWISE) ARISING IN ANY WAY OUT OF THE U
      +                          SE OF
    44                           ; THIS SOFTWARE, EVEN IF ADVISED OF THE POSSIBILITY OF SUCH DAMAGE.
    45                           ; 
    46                           ; 
    47                           ; Code-generator required, PIC16F54 Definitions
    48                           ; 
    49                           ; SFR Addresses
    50  0000                     	;# 
    51  0001                     	;# 
    52  0002                     	;# 
    53  0003                     	;# 
    54  0004                     	;# 
    55  0005                     	;# 
    56  0006                     	;# 
    57  0000                     	;# 
    58  0001                     	;# 
    59  0002                     	;# 
    60  0003                     	;# 
    61  0004                     	;# 
    62  0005                     	;# 
    63  0006                     	;# 
    64  0000                     	;# 
    65  0001                     	;# 
    66  0002                     	;# 
    67  0003                     	;# 
    68  0004                     	;# 
    69  0005                     	;# 
    70  0006                     	;# 
    71  0000                     	;# 
    72  0001                     	;# 
    73  0002                     	;# 
    74  0003                     	;# 
    75  0004                     	;# 
    76  0005                     	;# 
    77  0006                     	;# 
    78  0000                     	;# 
    79  0001                     	;# 
    80  0002                     	;# 
    81  0003                     	;# 
    82  0004                     	;# 
    83  0005                     	;# 
    84  0006                     	;# 
    85                           
    86                           	psect	cinit
    87  001                     start_initialization:	
    88                           ; #config settings
    89                           
    90  001                     __initialization:
    91  001                     end_of_initialization:	
    92                           ;End of C runtime variable initialization code
    93                           
    94  001                     __end_of__initialization:
    95  001  0064               	clrf	4
    96  002  0BFB               	ljmp	_main	;jump to C main() function
    97                           
    98                           	psect	cstackCOMMON
    99  000                     __pcstackCOMMON:
   100  000                     ??_ConfigureOscillator:
   101  000                     ??_InitApp:	
   102                           ; 1 bytes @ 0x0
   103                           
   104  000                     ??_main:	
   105                           ; 1 bytes @ 0x0
   106                           
   107                           
   108                           	psect	cstackBANK0
   109  000                     __pcstackBANK0:	
   110                           ; 1 bytes @ 0x0
   111                           
   112  000                     ?_ConfigureOscillator:
   113  000                     ?_InitApp:	
   114                           ; 1 bytes @ 0x0
   115                           
   116  000                     ?_main:	
   117                           ; 1 bytes @ 0x0
   118                           
   119                           
   120                           	psect	maintext
   121  1FB                     __pmaintext:	
   122                           ; 1 bytes @ 0x0
   123 ;;
   124 ;;Main: autosize = 0, tempsize = 0, incstack = 0, save=0
   125 ;;
   126 ;; *************** function _main *****************
   127 ;; Defined at:
   128 ;;		line 26 in file "main.c"
   129 ;; Parameters:    Size  Location     Type
   130 ;;		None
   131 ;; Auto vars:     Size  Location     Type
   132 ;;		None
   133 ;; Return value:  Size  Location     Type
   134 ;;                  1    8[None  ] void 
   135 ;; Registers used:
   136 ;;		wreg, status,2, status,0, pclath, cstack
   137 ;; Tracked objects:
   138 ;;		On entry : B00/0
   139 ;;		On exit  : 0/0
   140 ;;		Unchanged: 0/0
   141 ;; Data sizes:     COMMON   BANK0
   142 ;;      Params:         0       0
   143 ;;      Locals:         0       0
   144 ;;      Temps:          0       0
   145 ;;      Totals:         0       0
   146 ;;Total ram usage:        0 bytes
   147 ;; Hardware stack levels required when called: 1
   148 ;; This function calls:
   149 ;;		_ConfigureOscillator
   150 ;;		_InitApp
   151 ;; This function is called by:
   152 ;;		Startup code after reset
   153 ;; This function uses a non-reentrant model
   154 ;;
   155                           
   156                           
   157                           ;psect for function _main
   158  1FB                     _main:
   159  1FB                     l530:	
   160                           ;incstack = 0
   161                           ; Regs used in _main: [wreg+status,2+status,0+pclath+cstack]
   162                           
   163                           
   164                           ;main.c: 29:     ConfigureOscillator();
   165  1FB  0904               	fcall	entry__ConfigureOscillator
   166                           
   167                           ;main.c: 32:     InitApp();
   168  1FC  0903               	fcall	entry__InitApp
   169  1FD                     l9:	
   170                           ;main.c: 35:     while(1)
   171                           
   172  1FD                     l10:	
   173                           ;main.c: 36:     {;main.c: 38:     }
   174                           
   175  1FD  0BFD               	goto	l9
   176  1FE  0A00               	ljmp	start
   177  1FF                     __end_of_main:
   178                           
   179                           	psect	text1
   180  1FA                     __ptext1:	
   181 ;; *************** function _InitApp *****************
   182 ;; Defined at:
   183 ;;		line 22 in file "user.c"
   184 ;; Parameters:    Size  Location     Type
   185 ;;		None
   186 ;; Auto vars:     Size  Location     Type
   187 ;;		None
   188 ;; Return value:  Size  Location     Type
   189 ;;                  1    4[None  ] void 
   190 ;; Registers used:
   191 ;;		wreg
   192 ;; Tracked objects:
   193 ;;		On entry : 0/0
   194 ;;		On exit  : 0/0
   195 ;;		Unchanged: 0/0
   196 ;; Data sizes:     COMMON   BANK0
   197 ;;      Params:         0       0
   198 ;;      Locals:         0       0
   199 ;;      Temps:          0       0
   200 ;;      Totals:         0       0
   201 ;;Total ram usage:        0 bytes
   202 ;; Hardware stack levels used: 1
   203 ;; This function calls:
   204 ;;		Nothing
   205 ;; This function is called by:
   206 ;;		_main
   207 ;; This function uses a non-reentrant model
   208 ;;
   209                           
   210                           
   211                           ;psect for function _InitApp
   212  1FA                     _InitApp:
   213  1FA                     l18:
   214  1FA  0800               	retlw	0
   215  1FB                     __end_of_InitApp:
   216                           
   217                           	psect	jmp_tab
   218  003                     __pjmp_tab:	
   219                           ;incstack = 0
   220                           ; Regs used in _InitApp: [wreg]
   221                           
   222  003                     entry__InitApp:
   223  003  0BFA               	ljmp	_InitApp
   224  004                     entry__ConfigureOscillator:	
   225                           ;incstack = 0
   226                           ; Regs used in _ConfigureOscillator: [wreg]
   227                           
   228  004  0BF9               	ljmp	_ConfigureOscillator
   229                           
   230                           	psect	text2
   231  1F9                     __ptext2:	
   232 ;; *************** function _ConfigureOscillator *****************
   233 ;; Defined at:
   234 ;;		line 18 in file "system.c"
   235 ;; Parameters:    Size  Location     Type
   236 ;;		None
   237 ;; Auto vars:     Size  Location     Type
   238 ;;		None
   239 ;; Return value:  Size  Location     Type
   240 ;;                  1    2[None  ] void 
   241 ;; Registers used:
   242 ;;		wreg
   243 ;; Tracked objects:
   244 ;;		On entry : 0/0
   245 ;;		On exit  : 0/0
   246 ;;		Unchanged: 0/0
   247 ;; Data sizes:     COMMON   BANK0
   248 ;;      Params:         0       0
   249 ;;      Locals:         0       0
   250 ;;      Temps:          0       0
   251 ;;      Totals:         0       0
   252 ;;Total ram usage:        0 bytes
   253 ;; Hardware stack levels used: 1
   254 ;; This function calls:
   255 ;;		Nothing
   256 ;; This function is called by:
   257 ;;		_main
   258 ;; This function uses a non-reentrant model
   259 ;;
   260                           
   261                           
   262                           ;psect for function _ConfigureOscillator
   263  1F9                     _ConfigureOscillator:
   264  1F9                     l15:
   265  1F9  0800               	retlw	0
   266  1FA                     __end_of_ConfigureOscillator:
   267  001C                     btemp	set	28	;btemp
   268  001C                     wtemp0	set	28
   269  001E                     wtemp1	set	30
   270  001C                     ttemp0	set	28
   271  001C                     ltemp0	set	28
   272                           
   273                           	psect	idloc
   274                           
   275                           ;Config register IDLOC0 @ 0x200
   276                           ;	unspecified, using default values
   277  0200                     	org	512
   278  0200  0FFF               	dw	4095
   279                           
   280                           ;Config register IDLOC1 @ 0x201
   281                           ;	unspecified, using default values
   282  0201                     	org	513
   283  0201  0FFF               	dw	4095
   284                           
   285                           ;Config register IDLOC2 @ 0x202
   286                           ;	unspecified, using default values
   287  0202                     	org	514
   288  0202  0FFF               	dw	4095
   289                           
   290                           ;Config register IDLOC3 @ 0x203
   291                           ;	unspecified, using default values
   292  0203                     	org	515
   293  0203  0FFF               	dw	4095
   294                           
   295                           	psect	config
   296                           
   297                           ;Config register CONFIG @ 0xFFF
   298                           ;	unspecified, using default values
   299                           ;	Oscillator selection bits
   300                           ;	OSC = 0x3, unprogrammed default
   301                           ;	Watchdog timer enable bit
   302                           ;	WDT = 0x1, unprogrammed default
   303                           ;	Code protection bit
   304                           ;	CP = 0x1, unprogrammed default
   305  0FFF                     	org	4095
   306  0FFF  0FFF               	dw	4095

Data Sizes:
    Strings     0
    Constant    0
    Data        0
    BSS         0
    Persistent  0
    Stack       0

Auto Spaces:
    Space          Size  Autos    Used
    COMMON            0      0       0
    BANK0            23      0       0

Pointer List with Targets:

    None.

Critical Paths under _main in COMMON

    None.

Critical Paths under _main in BANK0

    None.

Call Graph Tables:

 ---------------------------------------------------------------------------------
 (Depth) Function   	        Calls       Base Space   Used Autos Params    Refs
 ---------------------------------------------------------------------------------
 (0) _main                                                 0     0      0       0
                _ConfigureOscillator
                            _InitApp
 ---------------------------------------------------------------------------------
 (1) _InitApp                                              0     0      0       0
 ---------------------------------------------------------------------------------
 (1) _ConfigureOscillator                                  0     0      0       0
 ---------------------------------------------------------------------------------
 Estimated maximum stack depth 1
 ---------------------------------------------------------------------------------

 Call Graph Graphs:

 _main (ROOT)
   _ConfigureOscillator
   _InitApp

 Address spaces:
Name               Size   Autos  Total    Cost      Usage
BITCOMMON            0      0       0       0        0.0%
NULL                 0      0       0       0        0.0%
CODE                 0      0       0       0        0.0%
BITSFR0              0      0       0       1        0.0%
SFR0                 0      0       0       1        0.0%
COMMON               0      0       0       1        0.0%
STACK                0      0       0       2        0.0%
BANK0               17      0       0       3        0.0%
ABS                  0      0       0       4        0.0%
BITBANK0            17      0       0       5        0.0%
DATA                 0      0       0       6        0.0%


Microchip Technology PIC Macro Assembler V2.32 build 20210201212658 
Symbol Table                                                                                   Fri Aug 12 15:05:28 2022

                           l9 01FD                            l10 01FD                            l15 01F9  
                          l18 01FA                            fsr 0004                           l530 01FB  
                        _main 01FB                          btemp 001C                          start 0000  
             __end_of_InitApp 01FB                         ?_main 0000           _ConfigureOscillator 01F9  
                       ltemp0 001C                         ttemp0 001C                         wtemp0 001C  
                       wtemp1 001E          ?_ConfigureOscillator 0000               __initialization 0001  
                __end_of_main 01FF                        ??_main 0000                     ??_InitApp 0000  
       ??_ConfigureOscillator 0000       __end_of__initialization 0001                __pcstackCOMMON 0000  
                  __pmaintext 01FB                       _InitApp 01FA                       __ptext1 01FA  
                     __ptext2 01F9          end_of_initialization 0001   __end_of_ConfigureOscillator 01FA  
         start_initialization 0001                     ___latbits 0000                 __pcstackBANK0 0000  
                    ?_InitApp 0000                     __pjmp_tab 0003     entry__ConfigureOscillator 0004  
            __size_of_InitApp 0001                 entry__InitApp 0003                 __size_of_main 0004  
__size_of_ConfigureOscillator 0001  
