Release 14.7 - xst P.20131013 (nt64)
Copyright (c) 1995-2013 Xilinx, Inc.  All rights reserved.
--> Parameter TMPDIR set to xst/projnav.tmp


Total REAL time to Xst completion: 0.00 secs
Total CPU time to Xst completion: 0.16 secs
 
--> Parameter xsthdpdir set to xst


Total REAL time to Xst completion: 0.00 secs
Total CPU time to Xst completion: 0.16 secs
 
--> Reading design: contador.prj

TABLE OF CONTENTS
  1) Synthesis Options Summary
  2) HDL Parsing
  3) HDL Elaboration
  4) HDL Synthesis
       4.1) HDL Synthesis Report
  5) Advanced HDL Synthesis
       5.1) Advanced HDL Synthesis Report
  6) Low Level Synthesis
  7) Partition Report
  8) Design Summary
       8.1) Primitive and Black Box Usage
       8.2) Device utilization summary
       8.3) Partition Resource Summary
       8.4) Timing Report
            8.4.1) Clock Information
            8.4.2) Asynchronous Control Signals Information
            8.4.3) Timing Summary
            8.4.4) Timing Details
            8.4.5) Cross Clock Domains Report


=========================================================================
*                      Synthesis Options Summary                        *
=========================================================================
---- Source Parameters
Input File Name                    : "contador.prj"
Ignore Synthesis Constraint File   : NO

---- Target Parameters
Output File Name                   : "contador"
Output Format                      : NGC
Target Device                      : xc7a100t-2-csg324

---- Source Options
Top Module Name                    : contador
Automatic FSM Extraction           : YES
FSM Encoding Algorithm             : Auto
Safe Implementation                : No
FSM Style                          : LUT
RAM Extraction                     : Yes
RAM Style                          : Auto
ROM Extraction                     : Yes
Shift Register Extraction          : YES
ROM Style                          : Auto
Resource Sharing                   : YES
Asynchronous To Synchronous        : NO
Shift Register Minimum Size        : 2
Use DSP Block                      : Auto
Automatic Register Balancing       : No

---- Target Options
LUT Combining                      : Auto
Reduce Control Sets                : Auto
Add IO Buffers                     : YES
Global Maximum Fanout              : 100000
Add Generic Clock Buffer(BUFG)     : 32
Register Duplication               : YES
Optimize Instantiated Primitives   : NO
Use Clock Enable                   : Auto
Use Synchronous Set                : Auto
Use Synchronous Reset              : Auto
Pack IO Registers into IOBs        : Auto
Equivalent register Removal        : YES

---- General Options
Optimization Goal                  : Speed
Optimization Effort                : 1
Power Reduction                    : NO
Keep Hierarchy                     : No
Netlist Hierarchy                  : As_Optimized
RTL Output                         : Yes
Global Optimization                : AllClockNets
Read Cores                         : YES
Write Timing Constraints           : NO
Cross Clock Analysis               : NO
Hierarchy Separator                : /
Bus Delimiter                      : <>
Case Specifier                     : Maintain
Slice Utilization Ratio            : 100
BRAM Utilization Ratio             : 100
DSP48 Utilization Ratio            : 100
Auto BRAM Packing                  : NO
Slice Utilization Ratio Delta      : 5

=========================================================================


=========================================================================
*                          HDL Parsing                                  *
=========================================================================
Parsing VHDL file "D:\OneDrive - Soluciones Marva\Xilinx\1_sep2021\NexysA7\contador.vhd" into library work
Parsing entity <contador>.
INFO:HDLCompiler:1676 - "D:\OneDrive - Soluciones Marva\Xilinx\1_sep2021\NexysA7\contador.vhd" Line 9. declaration of a buffer port will make it difficult for you to validate this design by simulation. It is preferable to declare it as output
Parsing architecture <Behavioral> of entity <contador>.

=========================================================================
*                            HDL Elaboration                            *
=========================================================================

Elaborating entity <contador> (architecture <Behavioral>) from library <work>.

=========================================================================
*                           HDL Synthesis                               *
=========================================================================

Synthesizing Unit <contador>.
    Related source file is "D:\OneDrive - Soluciones Marva\Xilinx\1_sep2021\NexysA7\contador.vhd".
    Found 4-bit register for signal <salida>.
    Found 4-bit adder for signal <salida[3]_GND_5_o_add_0_OUT> created at line 23.
    Summary:
	inferred   1 Adder/Subtractor(s).
	inferred   4 D-type flip-flop(s).
	inferred   1 Multiplexer(s).
Unit <contador> synthesized.

=========================================================================
HDL Synthesis Report

Macro Statistics
# Adders/Subtractors                                   : 1
 4-bit adder                                           : 1
# Registers                                            : 1
 4-bit register                                        : 1
# Multiplexers                                         : 1
 4-bit 2-to-1 multiplexer                              : 1

=========================================================================

=========================================================================
*                       Advanced HDL Synthesis                          *
=========================================================================


Synthesizing (advanced) Unit <contador>.
The following registers are absorbed into counter <salida>: 1 register on signal <salida>.
Unit <contador> synthesized (advanced).

=========================================================================
Advanced HDL Synthesis Report

Macro Statistics
# Counters                                             : 1
 4-bit up counter                                      : 1

=========================================================================

=========================================================================
*                         Low Level Synthesis                           *
=========================================================================

Optimizing unit <contador> ...

Mapping all equations...
Building and optimizing final netlist ...
Found area constraint ratio of 100 (+ 5) on block contador, actual ratio is 0.

Final Macro Processing ...

=========================================================================
Final Register Report

Macro Statistics
# Registers                                            : 4
 Flip-Flops                                            : 4

=========================================================================

=========================================================================
*                           Partition Report                            *
=========================================================================

Partition Implementation Status
-------------------------------

  No Partitions were found in this design.

-------------------------------

=========================================================================
*                            Design Summary                             *
=========================================================================

Top Level Output File Name         : contador.ngc

Primitive and Black Box Usage:
------------------------------
# BELS                             : 4
#      INV                         : 1
#      LUT2                        : 1
#      LUT3                        : 1
#      LUT4                        : 1
# FlipFlops/Latches                : 4
#      FDC                         : 4
# Clock Buffers                    : 1
#      BUFGP                       : 1
# IO Buffers                       : 5
#      IBUF                        : 1
#      OBUF                        : 4

Device utilization summary:
---------------------------

Selected Device : 7a100tcsg324-2 


Slice Logic Utilization: 
 Number of Slice Registers:               4  out of  126800     0%  
 Number of Slice LUTs:                    4  out of  63400     0%  
    Number used as Logic:                 4  out of  63400     0%  

Slice Logic Distribution: 
 Number of LUT Flip Flop pairs used:      8
   Number with an unused Flip Flop:       4  out of      8    50%  
   Number with an unused LUT:             4  out of      8    50%  
   Number of fully used LUT-FF pairs:     0  out of      8     0%  
   Number of unique control sets:         1

IO Utilization: 
 Number of IOs:                           6
 Number of bonded IOBs:                   6  out of    210     2%  

Specific Feature Utilization:
 Number of BUFG/BUFGCTRLs:                1  out of     32     3%  

---------------------------
Partition Resource Summary:
---------------------------

  No Partitions were found in this design.

---------------------------


=========================================================================
Timing Report

NOTE: THESE TIMING NUMBERS ARE ONLY A SYNTHESIS ESTIMATE.
      FOR ACCURATE TIMING INFORMATION PLEASE REFER TO THE TRACE REPORT
      GENERATED AFTER PLACE-and-ROUTE.

Clock Information:
------------------
-----------------------------------+------------------------+-------+
Clock Signal                       | Clock buffer(FF name)  | Load  |
-----------------------------------+------------------------+-------+
pulsador                           | BUFGP                  | 4     |
-----------------------------------+------------------------+-------+

Asynchronous Control Signals Information:
----------------------------------------
No asynchronous control signals found in this design

Timing Summary:
---------------
Speed Grade: -2

   Minimum period: 1.237ns (Maximum Frequency: 808.244MHz)
   Minimum input arrival time before clock: 0.754ns
   Maximum output required time after clock: 0.760ns
   Maximum combinational path delay: No path found

Timing Details:
---------------
All values displayed in nanoseconds (ns)

=========================================================================
Timing constraint: Default period analysis for Clock 'pulsador'
  Clock period: 1.237ns (frequency: 808.244MHz)
  Total number of paths / destination ports: 10 / 4
-------------------------------------------------------------------------
Delay:               1.237ns (Levels of Logic = 1)
  Source:            salida_0 (FF)
  Destination:       salida_0 (FF)
  Source Clock:      pulsador rising
  Destination Clock: pulsador rising

  Data Path: salida_0 to salida_0
                                Gate     Net
    Cell:in->out      fanout   Delay   Delay  Logical Name (Net Name)
    ----------------------------------------  ------------
     FDC:C->Q              5   0.398   0.362  salida_0 (salida_0)
     INV:I->O              1   0.123   0.339  Mcount_salida_xor<0>11_INV_0 (Mcount_salida)
     FDC:D                     0.015          salida_0
    ----------------------------------------
    Total                      1.237ns (0.536ns logic, 0.701ns route)
                                       (43.3% logic, 56.7% route)

=========================================================================
Timing constraint: Default OFFSET IN BEFORE for Clock 'pulsador'
  Total number of paths / destination ports: 4 / 4
-------------------------------------------------------------------------
Offset:              0.754ns (Levels of Logic = 1)
  Source:            reset (PAD)
  Destination:       salida_0 (FF)
  Destination Clock: pulsador rising

  Data Path: reset to salida_0
                                Gate     Net
    Cell:in->out      fanout   Delay   Delay  Logical Name (Net Name)
    ----------------------------------------  ------------
     IBUF:I->O             4   0.001   0.356  reset_IBUF (reset_IBUF)
     FDC:CLR                   0.397          salida_0
    ----------------------------------------
    Total                      0.754ns (0.398ns logic, 0.356ns route)
                                       (52.8% logic, 47.2% route)

=========================================================================
Timing constraint: Default OFFSET OUT AFTER for Clock 'pulsador'
  Total number of paths / destination ports: 4 / 4
-------------------------------------------------------------------------
Offset:              0.760ns (Levels of Logic = 1)
  Source:            salida_0 (FF)
  Destination:       salida<0> (PAD)
  Source Clock:      pulsador rising

  Data Path: salida_0 to salida<0>
                                Gate     Net
    Cell:in->out      fanout   Delay   Delay  Logical Name (Net Name)
    ----------------------------------------  ------------
     FDC:C->Q              5   0.398   0.362  salida_0 (salida_0)
     OBUF:I->O                 0.000          salida_0_OBUF (salida<0>)
    ----------------------------------------
    Total                      0.760ns (0.398ns logic, 0.362ns route)
                                       (52.4% logic, 47.6% route)

=========================================================================

Cross Clock Domains Report:
--------------------------

Clock to Setup on destination clock pulsador
---------------+---------+---------+---------+---------+
               | Src:Rise| Src:Fall| Src:Rise| Src:Fall|
Source Clock   |Dest:Rise|Dest:Rise|Dest:Fall|Dest:Fall|
---------------+---------+---------+---------+---------+
pulsador       |    1.237|         |         |         |
---------------+---------+---------+---------+---------+

=========================================================================


Total REAL time to Xst completion: 11.00 secs
Total CPU time to Xst completion: 11.56 secs
 
--> 

Total memory usage is 4616796 kilobytes

Number of errors   :    0 (   0 filtered)
Number of warnings :    0 (   0 filtered)
Number of infos    :    0 (   0 filtered)

