#-----------------------------------------------------------
# PlanAhead v14.7 (64-bit)
# Build 321239 by xbuild on Fri Sep 27 19:29:51 MDT 2013
# Start of session at: Thu Feb 03 09:25:14 2022
# Process ID: 5756
# Log file: D:/OneDrive - Soluciones Marva/Xilinx/sep2021/mux4a1_unBit/planAhead_run_1/planAhead.log
# Journal file: D:/OneDrive - Soluciones Marva/Xilinx/sep2021/mux4a1_unBit/planAhead_run_1/planAhead.jou
#-----------------------------------------------------------
INFO: [Common 17-78] Attempting to get a license: PlanAhead
INFO: [Common 17-290] Got license for PlanAhead
INFO: [Device 21-36] Loading parts and site information from C:/Xilinx/14.7/ISE_DS/PlanAhead/data/parts/arch.xml
Parsing RTL primitives file [C:/Xilinx/14.7/ISE_DS/PlanAhead/data/parts/xilinx/rtl/prims/rtl_prims.xml]
Finished parsing RTL primitives file [C:/Xilinx/14.7/ISE_DS/PlanAhead/data/parts/xilinx/rtl/prims/rtl_prims.xml]
start_gui
source {D:/OneDrive - Soluciones Marva/Xilinx/sep2021/mux4a1_unBit/pa.fromHdl.tcl}
# create_project -name mux4a1_unBit -dir "D:/OneDrive - Soluciones Marva/Xilinx/sep2021/mux4a1_unBit/planAhead_run_1" -part xc3s700afg400-4
# set_param project.pinAheadLayout yes
# set srcset [get_property srcset [current_run -impl]]
# set_property target_constrs_file "mux4a1_unBit.ucf" [current_fileset -constrset]
Adding file 'D:/OneDrive - Soluciones Marva/Xilinx/sep2021/mux4a1_unBit/mux4a1_unBit.ucf' to fileset 'constrs_1'
# set hdlfile [add_files [list {mux4a1_unBit.vhd}]]
# set_property file_type VHDL $hdlfile
# set_property library work $hdlfile
# set_property top mux4a1_unBit $srcset
# add_files [list {mux4a1_unBit.ucf}] -fileset [get_property constrset [current_run]]
# open_rtl_design -part xc3s700afg400-4
Using Verific elaboration
Parsing VHDL file "C:/Xilinx/14.7/ISE_DS/PlanAhead/data/parts/xilinx/rtl/lib/synplify/synattr.vhd" into library synplify
Parsing VHDL file "C:/Xilinx/14.7/ISE_DS/PlanAhead/data/parts/xilinx/rtl/lib/synplify/synattr.vhd" into library synplify
Parsing VHDL file "D:/OneDrive - Soluciones Marva/Xilinx/sep2021/mux4a1_unBit/mux4a1_unBit.vhd" into library work
INFO: [Designutils 20-910] Reading macro library C:/Xilinx/14.7/ISE_DS/PlanAhead/data\./parts/xilinx/spartan3a/hd_int_macros.edn
Parsing EDIF File [C:/Xilinx/14.7/ISE_DS/PlanAhead/data\./parts/xilinx/spartan3a/hd_int_macros.edn]
Finished Parsing EDIF File [C:/Xilinx/14.7/ISE_DS/PlanAhead/data\./parts/xilinx/spartan3a/hd_int_macros.edn]
Loading clock regions from C:/Xilinx/14.7/ISE_DS/PlanAhead/data\parts/xilinx/spartan3a/spartan3a/xc3s700a/ClockRegion.xml
Loading clock buffers from C:/Xilinx/14.7/ISE_DS/PlanAhead/data\parts/xilinx/spartan3a/spartan3a/xc3s700a/ClockBuffers.xml
Loading package from C:/Xilinx/14.7/ISE_DS/PlanAhead/data\parts/xilinx/spartan3a/spartan3a/xc3s700a/fg400/Package.xml
Loading io standards from C:/Xilinx/14.7/ISE_DS/PlanAhead/data\./parts/xilinx/spartan3a/IOStandards.xml
INFO: [Device 21-19] Loading pkg sso from C:/Xilinx/14.7/ISE_DS/PlanAhead/data\parts/xilinx/spartan3a/spartan3a/xc3s700a/fg400/SSORules.xml
Loading list of drcs for the architecture : C:/Xilinx/14.7/ISE_DS/PlanAhead/data\./parts/xilinx/spartan3a/drc.xml
INFO: [Timing 38-77] Reading timing library C:/Xilinx/14.7/ISE_DS/PlanAhead/data\parts/xilinx/spartan3a/spartan3a/spartan3a-4.lib.
INFO: [Timing 38-34] Done reading timing library C:/Xilinx/14.7/ISE_DS/PlanAhead/data\parts/xilinx/spartan3a/spartan3a/spartan3a-4.lib.
Parsing UCF File [D:/OneDrive - Soluciones Marva/Xilinx/sep2021/mux4a1_unBit/mux4a1_unBit.ucf]
Finished Parsing UCF File [D:/OneDrive - Soluciones Marva/Xilinx/sep2021/mux4a1_unBit/mux4a1_unBit.ucf]
INFO: [Project 1-111] Unisim Transformation Summary:
No Unisim elements were transformed.

Phase 0 | Netlist Checksum: 1193af10
open_rtl_design: Time (s): elapsed = 00:00:14 . Memory (MB): peak = 567.785 ; gain = 121.414
update_compile_order -fileset sim_1
startgroup
set_property package_pin T14 [get_ports {entrada[0]}]
endgroup
set_property package_pin "" [get_ports [list  {entrada[2]}]]
startgroup
set_property package_pin T15 [get_ports {entrada[1]}]
endgroup
startgroup
set_property package_pin U15 [get_ports {entrada[2]}]
endgroup
startgroup
set_property package_pin T15 [get_ports {entrada[1]}]
endgroup
startgroup
set_property package_pin R13 [get_ports {entrada[3]}]
endgroup
set_property package_pin "" [get_ports [list  {sel[1]}]]
set_property package_pin "" [get_ports [list  {sel[0]}]]
set_property package_pin "" [get_ports [list  {sel[1]}]]
startgroup
set_property package_pin V8 [get_ports {sel[0]}]
endgroup
set_property package_pin "" [get_ports [list  {sel[1]}]]
startgroup
set_property package_pin V8 [get_ports {sel[0]}]
endgroup
startgroup
set_property package_pin U10 [get_ports {sel[1]}]
endgroup
startgroup
set_property package_pin R20 [get_ports sal]
endgroup
save_constraints
exit
ERROR: [PlanAhead 12-106] *** Exception: ui.h.b: Found deleted key in HTclEventBroker. Verify if the classes listed here call cleanup()
HTclEvent: SIGNAL_BUS_MODIFY   Classes: ui.views.aR 
HTclEvent: SIGNAL_MODIFY   Classes: ui.views.aR 
HTclEvent: DEBUG_PORT_CONFIG_CHANGE   Classes: ui.views.aR 
HTclEvent: DEBUG_CORE_CONFIG_CHANGE   Classes: ui.views.aR 
 (See D:/OneDrive - Soluciones Marva/Xilinx/sep2021/mux4a1_unBit\planAhead_pid5756.debug)
ERROR: [Common 17-39] 'stop_gui' failed due to earlier errors.
INFO: [Common 17-206] Exiting PlanAhead at Thu Feb 03 09:31:04 2022...
INFO: [Common 17-83] Releasing license: PlanAhead
